Log file open, 12/06/16 17:51:59
LogInit:Display: Running engine for game: ProProj
LogPlatformFile: Not using cached read wrapper
LogInit:Display: RandInit(1248321963) SRandInit(1248321964).
LogTaskGraph: Started task graph with 4 named threads and 7 total threads with 1 sets of task threads.
LogStats: Stats thread started at 0.129048
LogInit: Version: 4.12.5-3039270+++UE4+Release-4.12
LogInit: API Version: 2992821
LogInit: Net Version: 3039270
LogDevObjectVersion: Number of dev versions registered: 13
LogDevObjectVersion:   Dev-Blueprints (B0D832E4-1F89-4F0D-ACCF-7EB736FD4AA2): 3
LogDevObjectVersion:   Dev-Build (E1C64328-A22C-4D53-A36C-8E866417BD8C): 0
LogDevObjectVersion:   Dev-Core (375EC13C-06E4-48FB-B500-84F0262A717E): 1
LogDevObjectVersion:   Dev-Editor (E4B068ED-F494-42E9-A231-DA0B2E46BB41): 2
LogDevObjectVersion:   Dev-Framework (CFFC743F-43B0-4480-9391-14DF171D2073): 6
LogDevObjectVersion:   Dev-Mobile (B02B49B5-BB20-44E9-A304-32B752E40360): 0
LogDevObjectVersion:   Dev-Networking (A4E4105C-59A1-49B5-A7C5-40C4547EDFEE): 0
LogDevObjectVersion:   Dev-Online (39C831C9-5AE6-47DC-9A44-9C173E1C8E7C): 0
LogDevObjectVersion:   Dev-Physics (78F01B33-EBEA-4F98-B9B4-84EACCB95AA2): 0
LogDevObjectVersion:   Dev-Platform (6631380F-2D4D-43E0-8009-CF276956A95A): 0
LogDevObjectVersion:   Dev-Rendering (12F88B9F-8875-4AFC-A67C-D90C383ABD29): 2
LogDevObjectVersion:   Dev-Sequencer (7B5AE74C-D270-4C10-A958-57980B212A5A): 0
LogDevObjectVersion:   Dev-VR (D7296918-1DD6-4BDD-9DE2-64A83CC13884): 0
LogInit: Compiled (64-bit): Jul  6 2016 09:09:46
LogInit: Compiled with Visual C++: 19.00.23026.00
LogInit: Build Configuration: Development
LogInit: Branch Name: ++UE4+Release-4.12
LogInit: Command line:  
LogInit: Base directory: D:/Epic Games/4.12/Engine/Binaries/Win64/
LogInit: Installed Engine Build: 1
LogInit: Using libcurl 7.41.0
LogInit:  - built for x86_64-pc-win32
LogInit:  - supports SSL with WinSSL
LogInit:  - other features:
LogInit:      CURL_VERSION_SSL
LogInit:      CURL_VERSION_IPV6
LogInit:      CURL_VERSION_ASYNCHDNS
LogInit:      CURL_VERSION_LARGEFILE
LogInit:      CURL_VERSION_IDN
LogInit:  CurlRequestOptions (configurable via config and command line):
LogInit:  - bVerifyPeer = true  - Libcurl will verify peer certificate
LogInit:  - bUseHttpProxy = false  - Libcurl will NOT use HTTP proxy
LogInit:  - bDontReuseConnections = false  - Libcurl will reuse connections
LogInit:  - CertBundlePath = nullptr  - Libcurl will use whatever was configured at build time.
LogInit: Presizing for max 8388607 objects, including 0 objects not considered by GC, pre-allocating 0 bytes for permanent pool.
LogInit: Object subsystem initialized
[2016.12.06-17.51.59:385][  0]LogInit: Selected Device Profile: [Windows]
[2016.12.06-17.51.59:385][  0]LogInit: Applying CVar settings loaded from the selected device profile: [Windows]
[2016.12.06-17.51.59:403][  0]LogInit: Computer: GREENMACHINE
[2016.12.06-17.51.59:403][  0]LogInit: User: Phil
[2016.12.06-17.51.59:403][  0]LogInit: CPU Page size=65536, Cores=4
[2016.12.06-17.51.59:403][  0]LogInit: High frequency timer resolution =3.421868 MHz
[2016.12.06-17.51.59:404][  0]LogMemory: Memory total: Physical=16.0GB (16GB approx)
[2016.12.06-17.51.59:404][  0]LogMemory: Platform Memory Stats for Windows
[2016.12.06-17.51.59:404][  0]LogMemory: Process Physical Memory: 190.39 MB used, 190.39 MB peak
[2016.12.06-17.51.59:404][  0]LogMemory: Process Virtual Memory: 195.00 MB used, 195.00 MB peak
[2016.12.06-17.51.59:404][  0]LogMemory: Physical Memory: 3651.50 MB used, 16334.67 MB total
[2016.12.06-17.51.59:404][  0]LogMemory: Virtual Memory: 552.68 MB used, 134217728.00 MB total
[2016.12.06-17.51.59:795][  0]LogTextLocalizationManager: No specific translations for ('en-GB') exist, so ('en') translations will be used.
[2016.12.06-17.52.00:110][  0]LogD3D11RHI: D3D11 adapters:
[2016.12.06-17.52.00:125][  0]LogD3D11RHI:    0. 'NVIDIA GeForce GTX 970' (Feature Level 11_0)
[2016.12.06-17.52.00:125][  0]LogD3D11RHI:       4058/0/8167 MB DedicatedVideo/DedicatedSystem/SharedSystem, Outputs:1, VendorId:0x10de
[2016.12.06-17.52.00:126][  0]LogD3D11RHI:    1. 'Microsoft Basic Render Driver' (Feature Level 11_0)
[2016.12.06-17.52.00:126][  0]LogD3D11RHI:       0/0/8167 MB DedicatedVideo/DedicatedSystem/SharedSystem, Outputs:0, VendorId:0x1414
[2016.12.06-17.52.00:126][  0]LogD3D11RHI: Chosen D3D11 Adapter: 0
[2016.12.06-17.52.00:129][  0]LogD3D11RHI: Creating new Direct3DDevice
[2016.12.06-17.52.00:129][  0]LogD3D11RHI:     GPU DeviceId: 0x13c2 (for the marketing name, search the web for "GPU Device Id")
[2016.12.06-17.52.00:129][  0]LogWindows: EnumDisplayDevices:
[2016.12.06-17.52.00:129][  0]LogWindows:    0. 'NVIDIA GeForce GTX 970' (P:1 D:1)
[2016.12.06-17.52.00:129][  0]LogWindows:    1. 'NVIDIA GeForce GTX 970' (P:0 D:0)
[2016.12.06-17.52.00:129][  0]LogWindows:    2. 'NVIDIA GeForce GTX 970' (P:0 D:0)
[2016.12.06-17.52.00:129][  0]LogWindows:    3. 'NVIDIA GeForce GTX 970' (P:0 D:0)
[2016.12.06-17.52.00:129][  0]LogWindows: DebugString: FoundDriverCount:4 
[2016.12.06-17.52.00:129][  0]LogD3D11RHI:     Adapter Name: NVIDIA GeForce GTX 970
[2016.12.06-17.52.00:129][  0]LogD3D11RHI:   Driver Version: 376.19 (internal:21.21.13.7619, unified:376.19)
[2016.12.06-17.52.00:129][  0]LogD3D11RHI:      Driver Date: 12-1-2016
[2016.12.06-17.52.00:129][  0]LogRHI: Texture pool is 1361 MB (70% of 1945 MB)
[2016.12.06-17.52.00:137][  0]LogD3D11RHI: Async texture creation enabled
[2016.12.06-17.52.00:146][  0]LogD3D11RHI: GPU Timing Frequency: 1000.000000 (Debug: 2 1)
[2016.12.06-17.52.00:146][  0]LogShaderCompilers: Guid format shader working directory is 19 characters bigger than the processId version (../../../../../7AM/ProProj/Intermediate/Shaders/WorkingDirectory/7260/).
[2016.12.06-17.52.00:146][  0]LogShaderCompilers: Cleaned the shader compiler working directory 'C:/Users/Phil/AppData/Local/Temp/UnrealShaderWorkingDir/FB36156B4E5FFCF2A5145DA2A45B3635/'.
[2016.12.06-17.52.00:146][  0]LogShaderCompilers:Display: Using Local Shader Compiler.
[2016.12.06-17.52.01:972][  0]LogTemp:Display: Loaded TP AllDesktopTargetPlatform
[2016.12.06-17.52.01:977][  0]LogTemp:Display: Loaded TP WindowsClientTargetPlatform
[2016.12.06-17.52.01:982][  0]LogTemp:Display: Loaded TP WindowsNoEditorTargetPlatform
[2016.12.06-17.52.01:988][  0]LogTemp:Display: Loaded TP WindowsServerTargetPlatform
[2016.12.06-17.52.01:993][  0]LogTemp:Display: Loaded TP WindowsTargetPlatform
[2016.12.06-17.52.02:000][  0]LogTemp:Display: Loaded TP AndroidTargetPlatform
[2016.12.06-17.52.02:005][  0]LogTemp:Display: Loaded TP Android_ASTCTargetPlatform
[2016.12.06-17.52.02:009][  0]LogTemp:Display: Loaded TP Android_ATCTargetPlatform
[2016.12.06-17.52.02:014][  0]LogTemp:Display: Loaded TP Android_DXTTargetPlatform
[2016.12.06-17.52.02:019][  0]LogTemp:Display: Loaded TP Android_ETC1TargetPlatform
[2016.12.06-17.52.02:024][  0]LogTemp:Display: Loaded TP Android_ETC2TargetPlatform
[2016.12.06-17.52.02:033][  0]LogTemp:Display: Loaded TP Android_MultiTargetPlatform
[2016.12.06-17.52.02:033][  0]LogTemp:Display: Loaded TP Android_PVRTCTargetPlatform
[2016.12.06-17.52.02:050][  0]LogTemp:Display: Loaded TP HTML5TargetPlatform
[2016.12.06-17.52.02:113][  0]LogTemp:Display: Loaded TP IOSTargetPlatform
[2016.12.06-17.52.02:117][  0]LogTemp:Display: Loaded TP TVOSTargetPlatform
[2016.12.06-17.52.02:122][  0]LogTemp:Display: Loaded TP LinuxNoEditorTargetPlatform
[2016.12.06-17.52.02:127][  0]LogTemp:Display: Loaded TP LinuxServerTargetPlatform
[2016.12.06-17.52.02:134][  0]LogTemp:Display: Loaded TP LinuxTargetPlatform
[2016.12.06-17.52.02:134][  0]LogTargetPlatformManager:Display: Building Assets For Windows
[2016.12.06-17.52.02:759][  0]LogDerivedDataCache:Display: Max Cache Size: 512 MB
[2016.12.06-17.52.02:923][  0]LogDerivedDataCache: Loaded boot cache 0.16s 48MB C:/Users/Phil/AppData/Local/UnrealEngine/4.12/DerivedDataCache/Boot.ddc.
[2016.12.06-17.52.02:923][  0]LogDerivedDataCache:Display: Loaded Boot cache: C:/Users/Phil/AppData/Local/UnrealEngine/4.12/DerivedDataCache/Boot.ddc
[2016.12.06-17.52.02:923][  0]LogDerivedDataCache: FDerivedDataBackendGraph:  Pak pak cache file ../../../../../7AM/ProProj/DerivedDataCache/DDC.ddp not found, will not use a pak cache.
[2016.12.06-17.52.02:923][  0]LogDerivedDataCache: Unable to find inner node Pak for hierarchical cache Hierarchy.
[2016.12.06-17.52.02:923][  0]LogDerivedDataCache: FDerivedDataBackendGraph:  CompressedPak pak cache file ../../../../../7AM/ProProj/DerivedDataCache/Compressed.ddp not found, will not use a pak cache.
[2016.12.06-17.52.02:923][  0]LogDerivedDataCache: Unable to find inner node CompressedPak for hierarchical cache Hierarchy.
[2016.12.06-17.52.02:974][  0]LogDerivedDataCache:Display: Pak cache opened for reading ../../../Engine/DerivedDataCache/Compressed.ddp.
[2016.12.06-17.52.02:986][  0]LogDerivedDataCache: Using Local data cache path C:/Users/Phil/AppData/Local/UnrealEngine/Common/DerivedDataCache: Writable
[2016.12.06-17.52.10:186][  0]LogInit: Selected Device Profile: [Windows]
[2016.12.06-17.52.10:222][  0]LogContentStreaming: Texture pool size is 0.00 MB
[2016.12.06-17.52.12:447][  0]LogMeshUtilities: No automatic mesh reduction module available
[2016.12.06-17.52.12:447][  0]LogMeshUtilities: No automatic mesh merging module available
[2016.12.06-17.52.12:447][  0]LogMeshUtilities: No distributed automatic mesh merging module available
[2016.12.06-17.52.15:929][  0]LogAssetRegistry: FAssetRegistry took 0.0238 seconds to start up
[2016.12.06-17.52.16:194][  0]LogPackageLocalizationCache: Processed 3 localized package path(s) for 2 prioritized culture(s) in 0.082653 seconds
[2016.12.06-17.52.16:322][  0]LogUObjectArray: 28739 objects as part of root set at end of initial load.
[2016.12.06-17.52.16:322][  0]LogUObjectAllocator: 5855632 out of 0 bytes used by permanent object pool.
[2016.12.06-17.52.16:322][  0]LogUObjectArray: CloseDisregardForGC: 0/0 objects in disregard for GC pool
[2016.12.06-17.52.16:362][  0]LogInit: WinSock: version 1.1 (2.2), MaxSocks=32767, MaxUdp=65467
[2016.12.06-17.52.21:189][  0]LogSlate: SlateFontCache - WITH_FREETYPE: 1, WITH_HARFBUZZ: 1
[2016.12.06-17.52.21:202][  0]LogSlate: SlateFontCache - WITH_FREETYPE: 1, WITH_HARFBUZZ: 1
[2016.12.06-17.52.26:444][  0]LogUdpMessaging: Initializing bridge on interface 0.0.0.0:0 to multicast group 230.0.0.1:6666.
[2016.12.06-17.52.28:026][  0]SourceControl: Info Source control is disabled
[2016.12.06-17.52.28:145][  0]SourceControl: Info Source control is disabled
[2016.12.06-17.52.28:191][  0]SourceControl: Info Source control is disabled
[2016.12.06-17.52.28:218][  0]SourceControl: Info Source control is disabled
[2016.12.06-17.52.29:662][  0]LogEngine: Initializing Engine...
[2016.12.06-17.52.29:748][  0]LogHMD: SteamVR failed to initialize.  Err: 110
[2016.12.06-17.52.29:749][  0]LogHMD: SteamVR failed to initialize.  Err: 110
[2016.12.06-17.52.30:739][  0]LogAIModule: Creating AISystem for world NewWorld
[2016.12.06-17.52.31:001][  0]LogInit: XAudio2 using 'Speakers (Realtek High Definition Audio)' : 2 channels at 48 kHz using 32 bits per sample (channel mask 0x3)
[2016.12.06-17.52.31:023][  0]LogInit: FAudioDevice initialized.
[2016.12.06-17.52.31:039][  0]LogDerivedDataCache: Saved boot cache 0.02s 48MB C:/Users/Phil/AppData/Local/UnrealEngine/4.12/DerivedDataCache/Boot.ddc.
[2016.12.06-17.52.31:044][  0]LogInit: Texture streaming: Enabled
[2016.12.06-17.52.31:366][  0]LogInit: Transaction tracking system initialized
[2016.12.06-17.52.31:601][  0]BlueprintLog: New page: Editor Load
[2016.12.06-17.52.32:741][  0]LocalizationService: Info Localization service is disabled
[2016.12.06-17.52.33:350][  0]LogConsoleResponse:Display: 
[2016.12.06-17.52.36:147][  0]LogFileCache: Scanning file cache for directory 'D:/7AM/ProProj/Content/' took 0.02s
[2016.12.06-17.52.36:147][  0]LogCook:Display: Max memory allowance for cook 8192mb
[2016.12.06-17.52.36:147][  0]LogCook:Display: Mobile HDR setting 1
[2016.12.06-17.52.37:369][  0]SourceControl: Info Source control is disabled
[2016.12.06-17.52.37:428][  0]Cmd: MAP LOAD FILE="../../../../../7AM/ProProj/Content/SideScrollerBP/Maps/SideScrollerExampleMap.umap" TEMPLATE=0 SHOWPROGRESS=1 FEATURELEVEL=3
[2016.12.06-17.52.37:446][  0]LogEditorServer:Warning: Can't find file '../../../../../7AM/ProProj/Content/SideScrollerBP/Maps/SideScrollerExampleMap.umap'
[2016.12.06-17.52.37:446][  0]Cmd: MAP CHECKDEP NOCLEARLOG
[2016.12.06-17.52.37:500][  0]MapCheck: Info Map check complete: 0 Error(s), 0 Warning(s), took 53.114ms to complete.
[2016.12.06-17.52.37:500][  0]LogFileHelpers: Loading map 'SideScrollerExampleMap' took 0.104
[2016.12.06-17.52.38:679][  0]LogCollectionManager: Loaded 0 collections in 0.001066 seconds
[2016.12.06-17.52.38:868][  0]LogFileCache: Scanning file cache for directory 'D:/7AM/ProProj/Saved/Collections/' took 0.01s
[2016.12.06-17.52.38:868][  0]LogFileCache: Scanning file cache for directory 'D:/7AM/ProProj/Content/Developers/Phil/Collections/' took 0.01s
[2016.12.06-17.52.38:868][  0]LogFileCache: Scanning file cache for directory 'D:/7AM/ProProj/Content/Collections/' took 0.01s
[2016.12.06-17.52.38:868][  0]LogCollectionManager: Rebuilt the GUID cache for 0 collections in 0.000002 seconds
[2016.12.06-17.52.38:876][  0]LogContentBrowser: Native class hierarchy populated in 0.0060 seconds. Added 2047 classes and 369 folders.
[2016.12.06-17.52.38:920][  0]LogStats: UGameplayTagsManager::ConstructGameplayTagTree: Construct from data asset -  0.000 s
[2016.12.06-17.52.38:942][  0]LogStats: UGameplayTagsManager::ConstructGameplayTagTree: GameplayTagTreeChangedEvent.Broadcast -  0.022 s
[2016.12.06-17.52.38:943][  0]LogContentBrowser: Native class hierarchy updated for 'GameplayTags' in 0.0005 seconds. Added 12 classes and 0 folders.
[2016.12.06-17.52.38:988][  0]LogContentBrowser: Native class hierarchy updated for 'WidgetCarousel' in 0.0004 seconds. Added 0 classes and 0 folders.
[2016.12.06-17.52.39:664][  0]LogContentBrowser: Native class hierarchy updated for 'AddContentDialog' in 0.0004 seconds. Added 0 classes and 0 folders.
[2016.12.06-17.52.40:281][  0]LogContentBrowser: Native class hierarchy updated for 'SceneOutliner' in 0.0004 seconds. Added 1 classes and 2 folders.
[2016.12.06-17.52.40:623][  0]LogCrashTracker: Crashtracker disabled due to settings.
[2016.12.06-17.52.40:795][  0]LogUObjectGlobals:Warning: Failed to find object 'Class None.'
[2016.12.06-17.52.40:907][  0]LogContentBrowser: Native class hierarchy updated for 'HierarchicalLODOutliner' in 0.0004 seconds. Added 1 classes and 2 folders.
[2016.12.06-17.52.40:907][  0]LogLoad: Full Startup: 43.48 seconds (BP compile: 0.59 seconds)
[2016.12.06-17.52.40:907][  0]LogExternalProfiler: No external profilers were discovered.  External profiling features will not be available.
[2016.12.06-17.52.41:000][  0]LogOcInput: OculusInput pre-init called
[2016.12.06-17.52.41:319][  0]LogContentStreaming: Texture pool size now 1000 MB
[2016.12.06-17.52.42:432][  0]LogRenderer: Reallocating scene render targets to support 1500x1296 (Frame:2).
[2016.12.06-17.52.42:692][  1]LogEditorViewport: Clicking Background
[2016.12.06-17.52.42:864][  3]LogAssetRegistry: Asset discovery search completed in 26.9564 seconds
[2016.12.06-17.52.42:864][  3]LogCollectionManager: Rebuilt the object cache for 0 collections in 0.000000 seconds (found 0 objects)
[2016.12.06-17.52.42:864][  3]LogCollectionManager: Fixed up redirectors for 0 collections in 0.000231 seconds (updated 0 objects)
[2016.12.06-17.53.36:420][908]LogAIModule: Creating AISystem for world Soldier
[2016.12.06-17.53.37:001][908]Cmd: MAP LOAD FILE="../../../../../7AM/ProProj/Content/SideScrollerBP/Maps/Soldier.umap" TEMPLATE=0 SHOWPROGRESS=1 FEATURELEVEL=3
[2016.12.06-17.53.37:004][908]LightingResults: New page: Lighting Build
[2016.12.06-17.53.37:060][908]LogContentBrowser: Native class hierarchy updated for 'StatsViewer' in 0.0004 seconds. Added 5 classes and 0 folders.
[2016.12.06-17.53.37:061][908]LoadErrors: New page: Loading map: Soldier.umap
[2016.12.06-17.53.37:082][908]MapCheck: New page: Map Check
[2016.12.06-17.53.37:082][908]LightingResults: New page: Lighting Build
[2016.12.06-17.53.37:444][908]LogEditorServer: Finished looking for orphan Actors (0.000 secs)
[2016.12.06-17.53.37:470][908]Cmd: MAP CHECKDEP NOCLEARLOG
[2016.12.06-17.53.37:517][908]MapCheck: Info Map check complete: 0 Error(s), 0 Warning(s), took 46.803ms to complete.
[2016.12.06-17.53.37:517][908]LogFileHelpers: Loading map 'Soldier' took 0.516
[2016.12.06-17.53.37:593][909]Cmd: UpdateLandscapeEditorData -warnings
[2016.12.06-17.53.37:702][909]Cmd: UpdateLandscapeEditorData
[2016.12.06-17.53.55:394][482]LogFactory: FactoryCreateFile: StaticMesh with FbxFactory (0 0 ../../../../../7AM/ASSETS/Models/Rocks1.FBX)
[2016.12.06-17.53.55:465][482]LogFbx: ItemName: GlobalSettings, ItemCount : 1
[2016.12.06-17.53.55:465][482]LogFbx: ItemName: AnimationStack, ItemCount : 1
[2016.12.06-17.53.55:465][482]LogFbx: ItemName: AnimationLayer, ItemCount : 1
[2016.12.06-17.53.55:465][482]LogFbx: ItemName: Model, ItemCount : 1
[2016.12.06-17.53.55:465][482]LogFbx: ItemName: Geometry, ItemCount : 1
[2016.12.06-17.53.55:465][482]LogFbx: ItemName: Material, ItemCount : 1
[2016.12.06-17.53.55:465][482]LogFbx: ItemName: Texture, ItemCount : 1
[2016.12.06-17.53.55:465][482]LogFbx: ItemName: AnimationCurve, ItemCount : 3
[2016.12.06-17.53.55:465][482]LogFbx: ItemName: AnimationCurveNode, ItemCount : 1
[2016.12.06-17.53.55:465][482]LogFbx: ItemName: Video, ItemCount : 1
[2016.12.06-17.53.55:470][482]LogFbx: Loading FBX Scene from ../../../../../7AM/ASSETS/Models/Rocks1.FBX
[2016.12.06-17.53.55:519][482]LogFbx: FBX Scene Loaded Succesfully
[2016.12.06-17.53.56:932][482]LogFbx: Loading FBX Scene from ../../../../../7AM/ASSETS/Models/Rocks1.FBX
[2016.12.06-17.53.56:937][482]LogFbx: FBX Scene Loaded Succesfully
[2016.12.06-17.53.56:956][482]LogFbx:Warning: Triangulating static mesh pCube3
[2016.12.06-17.53.57:039][482]LogStaticMesh: Building static mesh Rocks1...
[2016.12.06-17.53.57:079][482]LogStaticMesh: Built static mesh [0.04s] /Game/Assets/Models/Rocks1.Rocks1
[2016.12.06-17.53.57:107][482]LogFactory: FactoryCreateFile: StaticMesh with FbxFactory (0 0 ../../../../../7AM/ASSETS/Models/Train.FBX)
[2016.12.06-17.53.57:116][482]LogFbx: Loading FBX Scene from ../../../../../7AM/ASSETS/Models/Train.FBX
[2016.12.06-17.53.57:265][482]LogFbx: FBX Scene Loaded Succesfully
[2016.12.06-17.53.57:291][482]LogStaticMesh: Building static mesh Train...
[2016.12.06-17.53.57:316][482]LogMeshUtilities:Warning: Invalid vertex normals found for mesh. Forcing recomputation of vertex normals for MikkTSpace. Fix mesh or disable "Use MikkTSpace Tangent Space" to avoid forced recomputation of normals.
[2016.12.06-17.53.57:599][482]LogStaticMesh: Built static mesh [0.31s] /Game/Assets/Models/Train.Train
[2016.12.06-17.54.13:793][ 82]LogContentBrowser: Native class hierarchy updated for 'BlueprintGraph' in 0.0006 seconds. Added 111 classes and 0 folders.
[2016.12.06-17.54.14:863][ 82]LogRenderer: Reallocating scene render targets to support 1528x1296 (Frame:6032).
[2016.12.06-17.54.21:408][740]LogActorFactory: Actor Factory created Train
[2016.12.06-17.54.22:136][821]LogActorFactory: Actor Factory created Train
[2016.12.06-17.54.24:707][ 60]LogRenderer: Reallocating scene render targets to support 1912x1296 (Frame:7561).
[2016.12.06-17.54.41:533][956]LogActorFactory: Actor Factory created Train
[2016.12.06-17.55.00:638][924]BlueprintLog: New page: Compile B_Train
[2016.12.06-17.55.01:315][924]BlueprintEditorCompileResults: Info [0183.89] Compile of B_Train successful! [in 676 ms] (/Game/Assets/Blueprints/B_Train.B_Train)
[2016.12.06-17.55.01:763][965]Cmd: OBJ SAVEPACKAGE PACKAGE="/Game/Assets/Blueprints/B_Train" FILE="../../../../../7AM/ProProj/Content/Assets/Blueprints/B_Train.uasset" SILENT=true
[2016.12.06-17.55.01:821][965]LogSavePackage: Save=55.29ms
[2016.12.06-17.55.01:821][965]LogSavePackage: Moving '../../../../../7AM/ProProj/Saved/B_Train5147469C46A71E17F714758C6CD0316E.tmp' to '../../../../../7AM/ProProj/Content/Assets/Blueprints/B_Train.uasset'
[2016.12.06-17.55.01:837][965]LogSavePackage:Display: Finished SavePackage ../../../../../7AM/ProProj/Content/Assets/Blueprints/B_Train.uasset
[2016.12.06-17.55.08:138][646]LogEditorViewport: Clicking on Actor (LMB): StaticMeshActor (Cube)
[2016.12.06-17.55.22:808][216]LogEditorViewport: Clicking on Actor (LMB): StaticMeshActor (Cube)
[2016.12.06-17.55.38:778][737]BlueprintLog: New page: Compile B_Train
[2016.12.06-17.55.38:843][737]BlueprintEditorCompileResults: Info [0221.42] Compile of B_Train successful! [in 64 ms] (/Game/Assets/Blueprints/B_Train.B_Train)
[2016.12.06-17.55.40:714][899]Cmd: OBJ SAVEPACKAGE PACKAGE="/Game/Assets/Blueprints/B_Train" FILE="../../../../../7AM/ProProj/Content/Assets/Blueprints/B_Train.uasset" SILENT=true
[2016.12.06-17.55.40:733][899]LogSavePackage: Save=13.20ms
[2016.12.06-17.55.40:733][899]LogSavePackage: Moving '../../../../../7AM/ProProj/Saved/B_TrainAEBB81D14091245BEAE02388B22D4DDB.tmp' to '../../../../../7AM/ProProj/Content/Assets/Blueprints/B_Train.uasset'
[2016.12.06-17.55.40:735][899]LogSavePackage:Display: Finished SavePackage ../../../../../7AM/ProProj/Content/Assets/Blueprints/B_Train.uasset
[2016.12.06-17.55.57:682][516]BlueprintLog: New page: Compile B_Train
[2016.12.06-17.55.57:737][516]BlueprintEditorCompileResults: Info [0240.31] Compile of B_Train successful! [in 55 ms] (/Game/Assets/Blueprints/B_Train.B_Train)
[2016.12.06-17.55.58:316][569]Cmd: OBJ SAVEPACKAGE PACKAGE="/Game/Assets/Blueprints/B_Train" FILE="../../../../../7AM/ProProj/Content/Assets/Blueprints/B_Train.uasset" SILENT=true
[2016.12.06-17.55.58:332][569]LogSavePackage: Save=13.25ms
[2016.12.06-17.55.58:332][569]LogSavePackage: Moving '../../../../../7AM/ProProj/Saved/B_TrainCB464E2941069F659662FFBA0D50BD23.tmp' to '../../../../../7AM/ProProj/Content/Assets/Blueprints/B_Train.uasset'
[2016.12.06-17.55.58:334][569]LogSavePackage:Display: Finished SavePackage ../../../../../7AM/ProProj/Content/Assets/Blueprints/B_Train.uasset
[2016.12.06-17.56.06:887][497]Cmd: TRANSACTION UNDO
[2016.12.06-17.56.06:887][497]LogEditorTransaction: Undo Move Actors
[2016.12.06-17.56.07:356][537]LogEditorViewport: Clicking on Actor (LMB): B_Train_C (B_Train)
[2016.12.06-17.56.26:391][632]LogEditorViewport: Clicking on Actor (LMB): StaticMeshActor (Cube)
[2016.12.06-17.56.28:427][863]LogText:Warning: Failed to parse argument "GameModeName" as a number (using "0" as a fallback). Please check your format string for errors: "GameMode: Edit {GameModeName}".
[2016.12.06-17.56.28:427][863]LogText:Warning: Failed to parse argument "GameModeName" as a number (using "0" as a fallback). Please check your format string for errors: "GameMode: Edit {GameModeName}".
[2016.12.06-17.56.50:033][ 78]LogEditorViewport: Clicking on Actor (LMB): B_Train_C (B_Train)
[2016.12.06-17.57.00:293][171]LogEditorTransaction: Undo Create Pin Link
[2016.12.06-17.57.16:977][937]BlueprintLog: New page: Compile Soldier
[2016.12.06-17.57.17:559][937]BlueprintEditorCompileResults: Info [0320.13] Compile of PersistentLevel.Soldier successful! [in 581 ms] (/Game/SideScrollerBP/Maps/Soldier.Soldier:PersistentLevel.Soldier)
[2016.12.06-17.57.20:423][250]LogEditorViewport: Clicking on Actor (LMB): StaticMeshActor (Cube)
[2016.12.06-17.57.21:005][315]Cmd: DELETE
[2016.12.06-17.57.21:005][315]Cmd: ACTOR DELETE
[2016.12.06-17.57.21:019][315]LogEditorActor: Deleted Actor: StaticMeshActor
[2016.12.06-17.57.21:031][315]LogEditorActor: Deleted 1 Actors (0.016 secs)
[2016.12.06-17.57.23:110][559]LogBlueprintUserMessages: Early PlayInEditor Detection: Level '/Game/SideScrollerBP/Maps/Soldier.Soldier:PersistentLevel' has LevelScriptBlueprint '/Game/SideScrollerBP/Maps/Soldier.Soldier:PersistentLevel.Soldier' with GeneratedClass '/Game/SideScrollerBP/Maps/Soldier.Soldier_C' with ClassGeneratedBy '/Game/SideScrollerBP/Maps/Soldier.Soldier:PersistentLevel.Soldier'
[2016.12.06-17.57.23:110][559]LogPlayLevel: PlayLevel: No blueprints needed recompiling
[2016.12.06-17.57.23:179][559]PIE: New page: SIE session: Soldier (6 Dec 2016 17:57:23)
[2016.12.06-17.57.23:179][559]LogPlayLevel: Creating play world package: /Game/SideScrollerBP/Maps/UEDPIE_0_Soldier
[2016.12.06-17.57.23:228][559]LogPlayLevel: PIE: StaticDuplicateObject took: (0.049789s)
[2016.12.06-17.57.23:229][559]LogAIModule: Creating AISystem for world Soldier
[2016.12.06-17.57.23:229][559]LogPlayLevel: PIE: World Init took: (0.000398s)
[2016.12.06-17.57.23:229][559]LogPlayLevel: PIE: Created PIE world by copying editor world from /Game/SideScrollerBP/Maps/Soldier.Soldier to /Game/SideScrollerBP/Maps/UEDPIE_0_Soldier.Soldier (0.050455s)
[2016.12.06-17.57.23:244][559]LogInit: XAudio2 using 'Speakers (Realtek High Definition Audio)' : 2 channels at 48 kHz using 32 bits per sample (channel mask 0x3)
[2016.12.06-17.57.23:250][559]LogInit: FAudioDevice initialized.
[2016.12.06-17.57.23:385][559]LogWorld: Game class is 'SoldierMode_C'
[2016.12.06-17.57.23:577][559]LogWorld: Bringing World /Game/SideScrollerBP/Maps/UEDPIE_0_Soldier.Soldier up for play (max tick rate 0) at 2016.12.06-17.57.23
[2016.12.06-17.57.23:595][559]LogWorld: Bringing up level for play took: 0.178608
[2016.12.06-17.57.23:672][559]LogContentBrowser: Native class hierarchy updated for 'MovieSceneCapture' in 0.0005 seconds. Added 11 classes and 0 folders.
[2016.12.06-17.57.23:713][559]PIE: Info Play in editor start time for /Game/SideScrollerBP/Maps/UEDPIE_0_Soldier 1.306
[2016.12.06-17.57.23:763][559]LogBlueprintUserMessages: Late PlayInEditor Detection: Level '/Game/SideScrollerBP/Maps/Soldier.Soldier:PersistentLevel' has LevelScriptBlueprint '/Game/SideScrollerBP/Maps/Soldier.Soldier:PersistentLevel.Soldier' with GeneratedClass '/Game/SideScrollerBP/Maps/Soldier.Soldier_C' with ClassGeneratedBy '/Game/SideScrollerBP/Maps/Soldier.Soldier:PersistentLevel.Soldier'
[2016.12.06-17.57.27:331][954]LogBlueprintUserMessages: Early EndPlayMap Detection: Level '/Game/SideScrollerBP/Maps/Soldier.Soldier:PersistentLevel' has LevelScriptBlueprint '/Game/SideScrollerBP/Maps/Soldier.Soldier:PersistentLevel.Soldier' with GeneratedClass '/Game/SideScrollerBP/Maps/Soldier.Soldier_C' with ClassGeneratedBy '/Game/SideScrollerBP/Maps/Soldier.Soldier:PersistentLevel.Soldier'
[2016.12.06-17.57.27:472][954]LogBlueprintUserMessages: Late EndPlayMap Detection: Level '/Game/SideScrollerBP/Maps/Soldier.Soldier:PersistentLevel' has LevelScriptBlueprint '/Game/SideScrollerBP/Maps/Soldier.Soldier:PersistentLevel.Soldier' with GeneratedClass '/Game/SideScrollerBP/Maps/Soldier.Soldier_C' with ClassGeneratedBy '/Game/SideScrollerBP/Maps/Soldier.Soldier:PersistentLevel.Soldier'
[2016.12.06-17.58.01:646][387]BlueprintLog: New page: Compile B_Train
[2016.12.06-17.58.01:865][387]BlueprintEditorCompileResults: Info [0364.44] Compile of B_Train successful! [in 218 ms] (/Game/Assets/Blueprints/B_Train.B_Train)
[2016.12.06-17.58.02:295][426]Cmd: OBJ SAVEPACKAGE PACKAGE="/Game/Assets/Blueprints/B_Train" FILE="../../../../../7AM/ProProj/Content/Assets/Blueprints/B_Train.uasset" SILENT=true
[2016.12.06-17.58.02:311][426]LogSavePackage: Save=13.23ms
[2016.12.06-17.58.02:311][426]LogSavePackage: Moving '../../../../../7AM/ProProj/Saved/B_Train768BE3F04E664B7C172DA1BEDEE50F83.tmp' to '../../../../../7AM/ProProj/Content/Assets/Blueprints/B_Train.uasset'
[2016.12.06-17.58.02:312][426]LogSavePackage:Display: Finished SavePackage ../../../../../7AM/ProProj/Content/Assets/Blueprints/B_Train.uasset
[2016.12.06-17.58.09:435][234]LogEditorViewport: Clicking on Actor (LMB): B_Train_C (B_Train)
[2016.12.06-17.58.09:888][279]LogEditorViewport: Clicking on Actor (LMB): TextRenderActor (TextRenderActor)
[2016.12.06-17.58.12:162][544]Cmd: DELETE
[2016.12.06-17.58.12:162][544]Cmd: ACTOR DELETE
[2016.12.06-17.58.12:165][544]LogEditorActor: Deleted Actor: TextRenderActor
[2016.12.06-17.58.12:177][544]LogEditorActor: Deleted 1 Actors (0.015 secs)
[2016.12.06-17.58.31:333][593]BlueprintLog: New page: Compile B_Train
[2016.12.06-17.58.31:393][593]BlueprintEditorCompileResults: Info [0393.97] Compile of B_Train successful! [in 59 ms] (/Game/Assets/Blueprints/B_Train.B_Train)
[2016.12.06-17.58.32:607][731]Cmd: OBJ SAVEPACKAGE PACKAGE="/Game/Assets/Blueprints/B_Train" FILE="../../../../../7AM/ProProj/Content/Assets/Blueprints/B_Train.uasset" SILENT=true
[2016.12.06-17.58.32:622][731]LogSavePackage: Save=13.48ms
[2016.12.06-17.58.32:622][731]LogSavePackage: Moving '../../../../../7AM/ProProj/Saved/B_Train23B167E1450200D5D9681CA8DC266C6E.tmp' to '../../../../../7AM/ProProj/Content/Assets/Blueprints/B_Train.uasset'
[2016.12.06-17.58.32:624][731]LogSavePackage:Display: Finished SavePackage ../../../../../7AM/ProProj/Content/Assets/Blueprints/B_Train.uasset
[2016.12.06-17.58.39:601][522]LogEditorViewport: Clicking on Actor (LMB): B_Train_C (B_Train)
[2016.12.06-17.58.42:078][790]LogText:Warning: Failed to parse argument "GameModeName" as a number (using "0" as a fallback). Please check your format string for errors: "GameMode: Edit {GameModeName}".
[2016.12.06-17.58.42:078][790]LogText:Warning: Failed to parse argument "GameModeName" as a number (using "0" as a fallback). Please check your format string for errors: "GameMode: Edit {GameModeName}".
[2016.12.06-17.59.10:321][484]BlueprintLog: New page: Compile Soldier
[2016.12.06-17.59.10:405][484]BlueprintEditorCompileResults: Info [0432.98] Compile of PersistentLevel.Soldier successful! [in 84 ms] (/Game/SideScrollerBP/Maps/Soldier.Soldier:PersistentLevel.Soldier)
[2016.12.06-17.59.12:585][687]Cmd: OBJ SAVEPACKAGE PACKAGE="/Game/SideScrollerBP/Maps/Soldier" FILE="../../../../../7AM/ProProj/Content/SideScrollerBP/Maps/Soldier.umap" SILENT=true AUTOSAVING=false KEEPDIRTY=false
[2016.12.06-17.59.13:748][687]LogSavePackage: Save=1106.91ms
[2016.12.06-17.59.13:748][687]LogSavePackage: Moving '../../../../../7AM/ProProj/Saved/Soldier8A49420B4756A1ECAC092B82741FE55A.tmp' to '../../../../../7AM/ProProj/Content/SideScrollerBP/Maps/Soldier.umap'
[2016.12.06-17.59.13:758][687]LogSavePackage:Display: Finished SavePackage ../../../../../7AM/ProProj/Content/SideScrollerBP/Maps/Soldier.umap
[2016.12.06-17.59.13:782][687]LogFileHelpers: Saving map 'Soldier' took 1.251
[2016.12.06-17.59.13:793][687]Cmd: OBJ SAVEPACKAGE PACKAGE="/Game/Assets/Models/Train" FILE="../../../../../7AM/ProProj/Content/Assets/Models/Train.uasset" SILENT=true
[2016.12.06-17.59.13:803][687]LogSavePackage: Save=9.24ms
[2016.12.06-17.59.13:803][687]LogSavePackage: Moving '../../../../../7AM/ProProj/Saved/TrainE8850FCE456C6CA530785CA476358528.tmp' to '../../../../../7AM/ProProj/Content/Assets/Models/Train.uasset'
[2016.12.06-17.59.13:805][687]LogSavePackage:Display: Finished SavePackage ../../../../../7AM/ProProj/Content/Assets/Models/Train.uasset
[2016.12.06-17.59.13:815][687]Cmd: OBJ SAVEPACKAGE PACKAGE="/Game/Assets/Models/Rocks1" FILE="../../../../../7AM/ProProj/Content/Assets/Models/Rocks1.uasset" SILENT=true
[2016.12.06-17.59.13:825][687]LogSavePackage: Save=9.31ms
[2016.12.06-17.59.13:825][687]LogSavePackage: Moving '../../../../../7AM/ProProj/Saved/Rocks171B7D28E4F3F333EB819CBB96310CD82.tmp' to '../../../../../7AM/ProProj/Content/Assets/Models/Rocks1.uasset'
[2016.12.06-17.59.13:827][687]LogSavePackage:Display: Finished SavePackage ../../../../../7AM/ProProj/Content/Assets/Models/Rocks1.uasset
[2016.12.06-17.59.15:565][892]LogBlueprintUserMessages: Early PlayInEditor Detection: Level '/Game/SideScrollerBP/Maps/Soldier.Soldier:PersistentLevel' has LevelScriptBlueprint '/Game/SideScrollerBP/Maps/Soldier.Soldier:PersistentLevel.Soldier' with GeneratedClass '/Game/SideScrollerBP/Maps/Soldier.Soldier_C' with ClassGeneratedBy '/Game/SideScrollerBP/Maps/Soldier.Soldier:PersistentLevel.Soldier'
[2016.12.06-17.59.15:566][892]LogPlayLevel: PlayLevel: No blueprints needed recompiling
[2016.12.06-17.59.15:566][892]PIE: New page: SIE session: Soldier (6 Dec 2016 17:59:15)
[2016.12.06-17.59.15:566][892]LogPlayLevel: Creating play world package: /Game/SideScrollerBP/Maps/UEDPIE_0_Soldier
[2016.12.06-17.59.15:615][892]LogPlayLevel: PIE: StaticDuplicateObject took: (0.049600s)
[2016.12.06-17.59.15:616][892]LogAIModule: Creating AISystem for world Soldier
[2016.12.06-17.59.15:616][892]LogPlayLevel: PIE: World Init took: (0.000430s)
[2016.12.06-17.59.15:616][892]LogPlayLevel: PIE: Created PIE world by copying editor world from /Game/SideScrollerBP/Maps/Soldier.Soldier to /Game/SideScrollerBP/Maps/UEDPIE_0_Soldier.Soldier (0.050304s)
[2016.12.06-17.59.15:638][892]LogInit: XAudio2 using 'Speakers (Realtek High Definition Audio)' : 2 channels at 48 kHz using 32 bits per sample (channel mask 0x3)
[2016.12.06-17.59.15:644][892]LogInit: FAudioDevice initialized.
[2016.12.06-17.59.15:697][892]LogWorld: Game class is 'SoldierMode_C'
[2016.12.06-17.59.15:717][892]LogWorld: Bringing World /Game/SideScrollerBP/Maps/UEDPIE_0_Soldier.Soldier up for play (max tick rate 0) at 2016.12.06-17.59.15
[2016.12.06-17.59.15:719][892]LogWorld: Bringing up level for play took: 0.021369
[2016.12.06-17.59.15:720][892]PIE: Info Play in editor start time for /Game/SideScrollerBP/Maps/UEDPIE_0_Soldier -0.686
[2016.12.06-17.59.15:725][892]LogBlueprintUserMessages: Late PlayInEditor Detection: Level '/Game/SideScrollerBP/Maps/Soldier.Soldier:PersistentLevel' has LevelScriptBlueprint '/Game/SideScrollerBP/Maps/Soldier.Soldier:PersistentLevel.Soldier' with GeneratedClass '/Game/SideScrollerBP/Maps/Soldier.Soldier_C' with ClassGeneratedBy '/Game/SideScrollerBP/Maps/Soldier.Soldier:PersistentLevel.Soldier'
[2016.12.06-17.59.22:707][479]LogBlueprintUserMessages: Early EndPlayMap Detection: Level '/Game/SideScrollerBP/Maps/Soldier.Soldier:PersistentLevel' has LevelScriptBlueprint '/Game/SideScrollerBP/Maps/Soldier.Soldier:PersistentLevel.Soldier' with GeneratedClass '/Game/SideScrollerBP/Maps/Soldier.Soldier_C' with ClassGeneratedBy '/Game/SideScrollerBP/Maps/Soldier.Soldier:PersistentLevel.Soldier'
[2016.12.06-17.59.22:745][479]LogBlueprintUserMessages: Late EndPlayMap Detection: Level '/Game/SideScrollerBP/Maps/Soldier.Soldier:PersistentLevel' has LevelScriptBlueprint '/Game/SideScrollerBP/Maps/Soldier.Soldier:PersistentLevel.Soldier' with GeneratedClass '/Game/SideScrollerBP/Maps/Soldier.Soldier_C' with ClassGeneratedBy '/Game/SideScrollerBP/Maps/Soldier.Soldier:PersistentLevel.Soldier'
[2016.12.06-18.00.47:398][675]Cmd: OBJ SAVEPACKAGE PACKAGE="/Game/Assets/Models/Train" FILE="../../../../../7AM/ProProj/Content/Assets/Models/Train.uasset" SILENT=true
[2016.12.06-18.00.47:413][675]LogSavePackage: Save=9.42ms
[2016.12.06-18.00.47:413][675]LogSavePackage: Moving '../../../../../7AM/ProProj/Saved/TrainA85A274545ECDE1B11BAD29E5BA31680.tmp' to '../../../../../7AM/ProProj/Content/Assets/Models/Train.uasset'
[2016.12.06-18.00.47:415][675]LogSavePackage:Display: Finished SavePackage ../../../../../7AM/ProProj/Content/Assets/Models/Train.uasset
[2016.12.06-18.01.11:600][172]LogMaterial: Missing cached shader map for material M_TrainMetal, compiling. 
[2016.12.06-18.01.11:825][172]LogMaterial: Missing cached shader map for material M_TrainMetal, compiling. 
[2016.12.06-18.01.11:830][172]LogMaterial: 0.00 seconds spent updating 1 materials, 1 interfaces, 0 instances, 0 with static permutations.
[2016.12.06-18.01.14:535][417]MaterialEditorStats: Info Base pass shader with only dynamic lighting: 22 instructions
[2016.12.06-18.01.14:535][417]MaterialEditorStats: Info Vertex shader: 29 instructions
[2016.12.06-18.01.14:535][417]MaterialEditorStats: Info Texture samplers: 0/16
[2016.12.06-18.01.14:968][465]LogMaterial: Missing cached shader map for material M_TrainMetal, compiling. 
[2016.12.06-18.01.14:973][465]LogMaterial: 0.00 seconds spent updating 1 materials, 1 interfaces, 0 instances, 0 with static permutations.
[2016.12.06-18.01.16:084][581]LogMaterial: Missing cached shader map for material M_TrainMetal, compiling. 
[2016.12.06-18.01.16:089][581]LogMaterial: 0.00 seconds spent updating 1 materials, 1 interfaces, 0 instances, 0 with static permutations.
[2016.12.06-18.01.16:597][631]LogMaterial: Missing cached shader map for material M_TrainMetal, compiling. 
[2016.12.06-18.01.16:602][631]LogMaterial: 0.00 seconds spent updating 1 materials, 1 interfaces, 0 instances, 0 with static permutations.
[2016.12.06-18.01.17:894][758]MaterialEditorStats: Info Base pass shader with only dynamic lighting: 22 instructions
[2016.12.06-18.01.17:894][758]MaterialEditorStats: Info Vertex shader: 29 instructions
[2016.12.06-18.01.17:894][758]MaterialEditorStats: Info Texture samplers: 0/16
[2016.12.06-18.01.19:766][978]LogMaterial: Missing cached shader map for material M_TrainMetal, compiling. 
[2016.12.06-18.01.19:771][978]LogMaterial: 0.00 seconds spent updating 1 materials, 1 interfaces, 0 instances, 0 with static permutations.
[2016.12.06-18.01.21:081][109]MaterialEditorStats: Info Base pass shader with only dynamic lighting: 22 instructions
[2016.12.06-18.01.21:081][109]MaterialEditorStats: Info Vertex shader: 29 instructions
[2016.12.06-18.01.21:081][109]MaterialEditorStats: Info Texture samplers: 0/16
[2016.12.06-18.01.23:250][355]LogMaterial: Missing cached shader map for material M_TrainMetal, compiling. 
[2016.12.06-18.01.23:254][355]LogMaterial: 0.00 seconds spent updating 1 materials, 1 interfaces, 0 instances, 0 with static permutations.
[2016.12.06-18.01.24:175][448]MaterialEditorStats: Info Base pass shader with only dynamic lighting: 22 instructions
[2016.12.06-18.01.24:175][448]MaterialEditorStats: Info Vertex shader: 29 instructions
[2016.12.06-18.01.24:175][448]MaterialEditorStats: Info Texture samplers: 0/16
[2016.12.06-18.01.24:297][462]LogMaterial: Missing cached shader map for material M_TrainMetal, compiling. 
[2016.12.06-18.01.24:301][462]LogMaterial: 0.00 seconds spent updating 1 materials, 1 interfaces, 0 instances, 0 with static permutations.
[2016.12.06-18.01.25:530][578]MaterialEditorStats: Info Base pass shader with only dynamic lighting: 22 instructions
[2016.12.06-18.01.25:530][578]MaterialEditorStats: Info Vertex shader: 29 instructions
[2016.12.06-18.01.25:530][578]MaterialEditorStats: Info Texture samplers: 0/16
[2016.12.06-18.01.26:021][633]LogMaterial: Missing cached shader map for material M_TrainMetal, compiling. 
[2016.12.06-18.01.26:026][633]LogMaterial: 0.00 seconds spent updating 1 materials, 1 interfaces, 0 instances, 0 with static permutations.
[2016.12.06-18.01.27:074][733]MaterialEditorStats: Info Base pass shader with only dynamic lighting: 22 instructions
[2016.12.06-18.01.27:074][733]MaterialEditorStats: Info Vertex shader: 29 instructions
[2016.12.06-18.01.27:074][733]MaterialEditorStats: Info Texture samplers: 0/16
[2016.12.06-18.01.27:319][761]LogMaterial: Missing cached shader map for material M_TrainMetal, compiling. 
[2016.12.06-18.01.27:324][761]LogMaterial: 0.00 seconds spent updating 1 materials, 1 interfaces, 0 instances, 0 with static permutations.
[2016.12.06-18.01.28:730][909]MaterialEditorStats: Info Base pass shader with only dynamic lighting: 22 instructions
[2016.12.06-18.01.28:730][909]MaterialEditorStats: Info Vertex shader: 29 instructions
[2016.12.06-18.01.28:730][909]MaterialEditorStats: Info Texture samplers: 0/16
[2016.12.06-18.01.32:248][311]LogMaterial: Missing cached shader map for material M_TrainMetal, compiling. 
[2016.12.06-18.01.32:253][311]LogMaterial: 0.00 seconds spent updating 1 materials, 1 interfaces, 0 instances, 0 with static permutations.
[2016.12.06-18.01.33:446][428]LogMaterial: Missing cached shader map for material M_TrainMetal, compiling. 
[2016.12.06-18.01.33:451][428]LogMaterial: 0.00 seconds spent updating 1 materials, 1 interfaces, 0 instances, 0 with static permutations.
[2016.12.06-18.01.34:745][561]MaterialEditorStats: Info Base pass shader with only dynamic lighting: 22 instructions
[2016.12.06-18.01.34:745][561]MaterialEditorStats: Info Vertex shader: 29 instructions
[2016.12.06-18.01.34:745][561]MaterialEditorStats: Info Texture samplers: 0/16
[2016.12.06-18.01.35:352][633]LogMaterial: Missing cached shader map for material M_TrainMetal, compiling. 
[2016.12.06-18.01.35:357][633]LogMaterial: 0.00 seconds spent updating 1 materials, 1 interfaces, 0 instances, 0 with static permutations.
[2016.12.06-18.01.36:653][771]MaterialEditorStats: Info Base pass shader with only dynamic lighting: 22 instructions
[2016.12.06-18.01.36:653][771]MaterialEditorStats: Info Vertex shader: 29 instructions
[2016.12.06-18.01.36:653][771]MaterialEditorStats: Info Texture samplers: 0/16
[2016.12.06-18.01.41:315][269]LogMaterial: Missing cached shader map for material M_TrainMetal, compiling. 
[2016.12.06-18.01.41:319][269]LogMaterial: 0.00 seconds spent updating 1 materials, 1 interfaces, 0 instances, 0 with static permutations.
[2016.12.06-18.01.42:516][386]MaterialEditorStats: Info Base pass shader with only dynamic lighting: 22 instructions
[2016.12.06-18.01.42:516][386]MaterialEditorStats: Info Vertex shader: 29 instructions
[2016.12.06-18.01.42:516][386]MaterialEditorStats: Info Texture samplers: 0/16
[2016.12.06-18.01.43:243][468]LogMaterial: Missing cached shader map for material M_TrainMetal, compiling. 
[2016.12.06-18.01.43:247][468]LogMaterial: 0.00 seconds spent updating 1 materials, 1 interfaces, 0 instances, 0 with static permutations.
[2016.12.06-18.01.44:663][623]MaterialEditorStats: Info Base pass shader with only dynamic lighting: 22 instructions
[2016.12.06-18.01.44:663][623]MaterialEditorStats: Info Vertex shader: 29 instructions
[2016.12.06-18.01.44:663][623]MaterialEditorStats: Info Texture samplers: 0/16
[2016.12.06-18.01.48:019][  5]LogMaterial: Missing cached shader map for material M_TrainMetal, compiling. 
[2016.12.06-18.01.48:024][  5]LogMaterial: 0.00 seconds spent updating 1 materials, 1 interfaces, 0 instances, 0 with static permutations.
[2016.12.06-18.01.49:306][152]MaterialEditorStats: Info Base pass shader with only dynamic lighting: 22 instructions
[2016.12.06-18.01.49:306][152]MaterialEditorStats: Info Vertex shader: 29 instructions
[2016.12.06-18.01.49:306][152]MaterialEditorStats: Info Texture samplers: 0/16
[2016.12.06-18.01.52:380][514]LogMaterial: Missing cached shader map for material M_TrainMetal, compiling. 
[2016.12.06-18.01.52:384][514]LogMaterial: 0.00 seconds spent updating 1 materials, 1 interfaces, 0 instances, 0 with static permutations.
[2016.12.06-18.01.53:663][660]MaterialEditorStats: Info Base pass shader with only dynamic lighting: 22 instructions
[2016.12.06-18.01.53:663][660]MaterialEditorStats: Info Vertex shader: 29 instructions
[2016.12.06-18.01.53:663][660]MaterialEditorStats: Info Texture samplers: 0/16
[2016.12.06-18.01.55:793][906]LogMaterialEditor: Saving and Compiling material M_TrainMetal
[2016.12.06-18.01.56:058][906]LogMaterial: Missing cached shader map for material M_TrainMetal, compiling. 
[2016.12.06-18.01.56:068][906]LogMaterial: 0.00 seconds spent updating 1 materials, 1 interfaces, 0 instances, 0 with static permutations.
[2016.12.06-18.01.56:088][906]LogMaterial: Missing cached shader map for material M_TrainMetal, compiling. 
[2016.12.06-18.01.56:099][906]LogMaterial: Missing cached shader map for material M_TrainMetal, compiling. 
[2016.12.06-18.01.56:108][906]LogMaterial: 0.00 seconds spent updating 1 materials, 1 interfaces, 0 instances, 0 with static permutations.
[2016.12.06-18.01.57:756][906]Cmd: OBJ SAVEPACKAGE PACKAGE="/Game/Assets/Materials/M_TrainMetal" FILE="../../../../../7AM/ProProj/Content/Assets/Materials/M_TrainMetal.uasset" SILENT=true
[2016.12.06-18.01.57:767][906]LogSavePackage: Save=9.97ms
[2016.12.06-18.01.57:767][906]LogSavePackage: Moving '../../../../../7AM/ProProj/Saved/M_TrainMetal76110D414BBE50179BB1468A78F8F54F.tmp' to '../../../../../7AM/ProProj/Content/Assets/Materials/M_TrainMetal.uasset'
[2016.12.06-18.01.57:770][906]LogSavePackage:Display: Finished SavePackage ../../../../../7AM/ProProj/Content/Assets/Materials/M_TrainMetal.uasset
[2016.12.06-18.01.57:777][906]MaterialEditorStats: Info Base pass shader with only dynamic lighting: 61 instructions
[2016.12.06-18.01.57:777][906]MaterialEditorStats: Info Vertex shader: 29 instructions
[2016.12.06-18.01.57:777][906]MaterialEditorStats: Info Texture samplers: 3/16
[2016.12.06-18.02.15:543][881]Cmd: OBJ SAVEPACKAGE PACKAGE="/Game/Assets/Models/Train" FILE="../../../../../7AM/ProProj/Content/Assets/Models/Train.uasset" SILENT=true
[2016.12.06-18.02.15:554][881]LogSavePackage: Save=9.06ms
[2016.12.06-18.02.15:554][881]LogSavePackage: Moving '../../../../../7AM/ProProj/Saved/Train1E9555D74617747EFA63ECB1F385DD16.tmp' to '../../../../../7AM/ProProj/Content/Assets/Models/Train.uasset'
[2016.12.06-18.02.15:556][881]LogSavePackage:Display: Finished SavePackage ../../../../../7AM/ProProj/Content/Assets/Models/Train.uasset
[2016.12.06-18.02.43:909][360]LogMaterial: Missing cached shader map for material M_TrainRoof, compiling. 
[2016.12.06-18.02.44:392][410]LogMaterial: Missing cached shader map for material M_TrainRoof, compiling. 
[2016.12.06-18.02.44:466][410]LogMaterial: Missing cached shader map for material M_TrainRoof, compiling. 
[2016.12.06-18.02.44:471][410]LogMaterial: 0.00 seconds spent updating 1 materials, 1 interfaces, 0 instances, 0 with static permutations.
[2016.12.06-18.02.50:088][978]LogMaterial: Missing cached shader map for material M_TrainRoof, compiling. 
[2016.12.06-18.02.50:093][978]LogMaterial: 0.00 seconds spent updating 1 materials, 1 interfaces, 0 instances, 0 with static permutations.
[2016.12.06-18.02.50:094][978]LogMaterial: Missing cached shader map for material FMatExpressionPreview MaterialExpressionConstant3Vector_0, compiling. 
[2016.12.06-18.02.51:533][115]MaterialEditorStats: Info Base pass shader with only dynamic lighting: 22 instructions
[2016.12.06-18.02.51:533][115]MaterialEditorStats: Info Vertex shader: 29 instructions
[2016.12.06-18.02.51:533][115]MaterialEditorStats: Info Texture samplers: 0/16
[2016.12.06-18.02.51:745][131]LogMaterial: Missing cached shader map for material M_TrainRoof, compiling. 
[2016.12.06-18.02.51:749][131]LogMaterial: 0.00 seconds spent updating 1 materials, 1 interfaces, 0 instances, 0 with static permutations.
[2016.12.06-18.02.51:779][131]LogMaterial: Missing cached shader map for material FMatExpressionPreview MaterialExpressionConstant3Vector_0, compiling. 
[2016.12.06-18.02.54:041][359]MaterialEditorStats: Info Base pass shader with only dynamic lighting: 22 instructions
[2016.12.06-18.02.54:041][359]MaterialEditorStats: Info Vertex shader: 29 instructions
[2016.12.06-18.02.54:041][359]MaterialEditorStats: Info Texture samplers: 0/16
[2016.12.06-18.02.55:160][477]LogMaterial: Missing cached shader map for material M_TrainRoof, compiling. 
[2016.12.06-18.02.55:165][477]LogMaterial: 0.00 seconds spent updating 1 materials, 1 interfaces, 0 instances, 0 with static permutations.
[2016.12.06-18.02.55:193][477]LogMaterial: Missing cached shader map for material FMatExpressionPreview MaterialExpressionConstant3Vector_0, compiling. 
[2016.12.06-18.02.56:423][605]LogMaterial: Missing cached shader map for material M_TrainRoof, compiling. 
[2016.12.06-18.02.56:428][605]LogMaterial: 0.00 seconds spent updating 1 materials, 1 interfaces, 0 instances, 0 with static permutations.
[2016.12.06-18.02.56:454][605]LogMaterial: Missing cached shader map for material FMatExpressionPreview MaterialExpressionConstant3Vector_0, compiling. 
[2016.12.06-18.02.58:360][804]LogMaterial: Missing cached shader map for material M_TrainRoof, compiling. 
[2016.12.06-18.02.58:365][804]LogMaterial: 0.00 seconds spent updating 1 materials, 1 interfaces, 0 instances, 0 with static permutations.
[2016.12.06-18.02.58:394][804]LogMaterial: Missing cached shader map for material FMatExpressionPreview MaterialExpressionConstant3Vector_0, compiling. 
[2016.12.06-18.03.00:131][982]MaterialEditorStats: Info Base pass shader with only dynamic lighting: 22 instructions
[2016.12.06-18.03.00:132][982]MaterialEditorStats: Info Vertex shader: 29 instructions
[2016.12.06-18.03.00:132][982]MaterialEditorStats: Info Texture samplers: 0/16
[2016.12.06-18.03.04:434][417]LogMaterial: Missing cached shader map for material M_TrainRoof, compiling. 
[2016.12.06-18.03.04:439][417]LogMaterial: 0.00 seconds spent updating 1 materials, 1 interfaces, 0 instances, 0 with static permutations.
[2016.12.06-18.03.04:467][417]LogMaterial: Missing cached shader map for material FMatExpressionPreview MaterialExpressionConstant3Vector_0, compiling. 
[2016.12.06-18.03.04:884][460]LogMaterial: Missing cached shader map for material M_TrainRoof, compiling. 
[2016.12.06-18.03.04:889][460]LogMaterial: 0.00 seconds spent updating 1 materials, 1 interfaces, 0 instances, 0 with static permutations.
[2016.12.06-18.03.04:914][460]LogMaterial: Missing cached shader map for material FMatExpressionPreview MaterialExpressionConstant3Vector_0, compiling. 
[2016.12.06-18.03.07:188][700]LogMaterial: Missing cached shader map for material M_TrainRoof, compiling. 
[2016.12.06-18.03.07:193][700]LogMaterial: 0.00 seconds spent updating 1 materials, 1 interfaces, 0 instances, 0 with static permutations.
[2016.12.06-18.03.07:217][700]LogMaterial: Missing cached shader map for material FMatExpressionPreview MaterialExpressionConstant3Vector_0, compiling. 
[2016.12.06-18.03.10:103][  4]MaterialEditorStats: Info Base pass shader with only dynamic lighting: 22 instructions
[2016.12.06-18.03.10:103][  4]MaterialEditorStats: Info Vertex shader: 29 instructions
[2016.12.06-18.03.10:103][  4]MaterialEditorStats: Info Texture samplers: 0/16
[2016.12.06-18.03.10:722][ 69]LogMaterial: Missing cached shader map for material M_TrainRoof, compiling. 
[2016.12.06-18.03.10:727][ 69]LogMaterial: 0.00 seconds spent updating 1 materials, 1 interfaces, 0 instances, 0 with static permutations.
[2016.12.06-18.03.10:754][ 69]LogMaterial: Missing cached shader map for material FMatExpressionPreview MaterialExpressionConstant3Vector_0, compiling. 
[2016.12.06-18.03.11:612][159]LogMaterial: Missing cached shader map for material M_TrainRoof, compiling. 
[2016.12.06-18.03.11:617][159]LogMaterial: 0.00 seconds spent updating 1 materials, 1 interfaces, 0 instances, 0 with static permutations.
[2016.12.06-18.03.11:644][159]LogMaterial: Missing cached shader map for material FMatExpressionPreview MaterialExpressionConstant3Vector_0, compiling. 
[2016.12.06-18.03.14:081][389]MaterialEditorStats: Info Base pass shader with only dynamic lighting: 22 instructions
[2016.12.06-18.03.14:081][389]MaterialEditorStats: Info Vertex shader: 29 instructions
[2016.12.06-18.03.14:081][389]MaterialEditorStats: Info Texture samplers: 0/16
[2016.12.06-18.03.15:206][507]LogMaterial: Missing cached shader map for material M_TrainRoof, compiling. 
[2016.12.06-18.03.15:210][507]LogMaterial: 0.00 seconds spent updating 1 materials, 1 interfaces, 0 instances, 0 with static permutations.
[2016.12.06-18.03.15:234][507]LogMaterial: Missing cached shader map for material FMatExpressionPreview MaterialExpressionConstant3Vector_0, compiling. 
[2016.12.06-18.03.17:590][745]MaterialEditorStats: Info Base pass shader with only dynamic lighting: 22 instructions
[2016.12.06-18.03.17:590][745]MaterialEditorStats: Info Vertex shader: 29 instructions
[2016.12.06-18.03.17:590][745]MaterialEditorStats: Info Texture samplers: 0/16
[2016.12.06-18.03.18:507][841]LogMaterial: Missing cached shader map for material M_TrainRoof, compiling. 
[2016.12.06-18.03.18:511][841]LogMaterial: 0.00 seconds spent updating 1 materials, 1 interfaces, 0 instances, 0 with static permutations.
[2016.12.06-18.03.18:536][841]LogMaterial: Missing cached shader map for material FMatExpressionPreview MaterialExpressionConstant3Vector_0, compiling. 
[2016.12.06-18.03.20:829][ 59]MaterialEditorStats: Info Base pass shader with only dynamic lighting: 22 instructions
[2016.12.06-18.03.20:829][ 59]MaterialEditorStats: Info Vertex shader: 29 instructions
[2016.12.06-18.03.20:829][ 59]MaterialEditorStats: Info Texture samplers: 0/16
[2016.12.06-18.03.22:073][177]LogMaterialEditor: Saving and Compiling material M_TrainRoof
[2016.12.06-18.03.22:322][177]LogMaterial: Missing cached shader map for material M_TrainRoof, compiling. 
[2016.12.06-18.03.22:332][177]LogMaterial: 0.00 seconds spent updating 1 materials, 1 interfaces, 0 instances, 0 with static permutations.
[2016.12.06-18.03.22:348][177]LogMaterial: Missing cached shader map for material M_TrainRoof, compiling. 
[2016.12.06-18.03.22:360][177]LogMaterial: Missing cached shader map for material M_TrainRoof, compiling. 
[2016.12.06-18.03.22:369][177]LogMaterial: 0.00 seconds spent updating 1 materials, 1 interfaces, 0 instances, 0 with static permutations.
[2016.12.06-18.03.23:939][177]Cmd: OBJ SAVEPACKAGE PACKAGE="/Game/Assets/Materials/M_TrainRoof" FILE="../../../../../7AM/ProProj/Content/Assets/Materials/M_TrainRoof.uasset" SILENT=true
[2016.12.06-18.03.23:951][177]LogSavePackage: Save=10.38ms
[2016.12.06-18.03.23:951][177]LogSavePackage: Moving '../../../../../7AM/ProProj/Saved/M_TrainRoof29A9AA814B69CCC33C7719B643C464C2.tmp' to '../../../../../7AM/ProProj/Content/Assets/Materials/M_TrainRoof.uasset'
[2016.12.06-18.03.23:953][177]LogSavePackage:Display: Finished SavePackage ../../../../../7AM/ProProj/Content/Assets/Materials/M_TrainRoof.uasset
[2016.12.06-18.03.23:959][177]MaterialEditorStats: Info Base pass shader with only dynamic lighting: 61 instructions
[2016.12.06-18.03.23:959][177]MaterialEditorStats: Info Vertex shader: 29 instructions
[2016.12.06-18.03.23:959][177]MaterialEditorStats: Info Texture samplers: 3/16
[2016.12.06-18.03.43:982][367]Cmd: OBJ SAVEPACKAGE PACKAGE="/Game/Assets/Models/Train" FILE="../../../../../7AM/ProProj/Content/Assets/Models/Train.uasset" SILENT=true
[2016.12.06-18.03.43:994][367]LogSavePackage: Save=9.47ms
[2016.12.06-18.03.43:994][367]LogSavePackage: Moving '../../../../../7AM/ProProj/Saved/TrainEF8C8C5D4A3DC9C709531ABD39D4B6F3.tmp' to '../../../../../7AM/ProProj/Content/Assets/Models/Train.uasset'
[2016.12.06-18.03.43:996][367]LogSavePackage:Display: Finished SavePackage ../../../../../7AM/ProProj/Content/Assets/Models/Train.uasset
[2016.12.06-18.04.30:040][ 24]LogMaterial: Missing cached shader map for material M_Mirror, compiling. 
[2016.12.06-18.04.30:601][ 79]LogMaterial: Missing cached shader map for material M_Mirror, compiling. 
[2016.12.06-18.04.30:674][ 79]LogMaterial: Missing cached shader map for material M_Mirror, compiling. 
[2016.12.06-18.04.30:679][ 79]LogMaterial: 0.00 seconds spent updating 1 materials, 1 interfaces, 0 instances, 0 with static permutations.
[2016.12.06-18.04.30:707][ 79]LogMaterial: Missing cached shader map for material FMatExpressionPreview MaterialExpressionConstant3Vector_0, compiling. 
[2016.12.06-18.04.35:345][512]LogMaterial: Missing cached shader map for material M_Mirror, compiling. 
[2016.12.06-18.04.35:349][512]LogMaterial: 0.00 seconds spent updating 1 materials, 1 interfaces, 0 instances, 0 with static permutations.
[2016.12.06-18.04.38:783][841]MaterialEditorStats: Info Base pass shader with only dynamic lighting: 22 instructions
[2016.12.06-18.04.38:783][841]MaterialEditorStats: Info Vertex shader: 29 instructions
[2016.12.06-18.04.38:783][841]MaterialEditorStats: Info Texture samplers: 0/16
[2016.12.06-18.04.39:784][931]LogMaterial: Missing cached shader map for material M_Mirror, compiling. 
[2016.12.06-18.04.39:788][931]LogMaterial: 0.00 seconds spent updating 1 materials, 1 interfaces, 0 instances, 0 with static permutations.
[2016.12.06-18.04.42:386][177]LogMaterial: Missing cached shader map for material M_Mirror, compiling. 
[2016.12.06-18.04.42:390][177]LogMaterial: 0.00 seconds spent updating 1 materials, 1 interfaces, 0 instances, 0 with static permutations.
[2016.12.06-18.04.44:908][416]MaterialEditorStats: Info Base pass shader with only dynamic lighting: 22 instructions
[2016.12.06-18.04.44:908][416]MaterialEditorStats: Info Vertex shader: 29 instructions
[2016.12.06-18.04.44:908][416]MaterialEditorStats: Info Texture samplers: 0/16
[2016.12.06-18.04.47:694][709]LogMaterial: Missing cached shader map for material M_Mirror, compiling. 
[2016.12.06-18.04.47:699][709]LogMaterial: 0.00 seconds spent updating 1 materials, 1 interfaces, 0 instances, 0 with static permutations.
[2016.12.06-18.04.48:981][836]MaterialEditorStats: Info Base pass shader with only dynamic lighting: 22 instructions
[2016.12.06-18.04.48:981][836]MaterialEditorStats: Info Vertex shader: 29 instructions
[2016.12.06-18.04.48:981][836]MaterialEditorStats: Info Texture samplers: 0/16
[2016.12.06-18.04.49:074][846]LogMaterial: Missing cached shader map for material M_Mirror, compiling. 
[2016.12.06-18.04.49:079][846]LogMaterial: 0.00 seconds spent updating 1 materials, 1 interfaces, 0 instances, 0 with static permutations.
[2016.12.06-18.04.50:799][ 10]LogMaterial: Missing cached shader map for material M_Mirror, compiling. 
[2016.12.06-18.04.50:804][ 10]LogMaterial: 0.00 seconds spent updating 1 materials, 1 interfaces, 0 instances, 0 with static permutations.
[2016.12.06-18.04.52:820][209]MaterialEditorStats: Info Base pass shader with only dynamic lighting: 22 instructions
[2016.12.06-18.04.52:820][209]MaterialEditorStats: Info Vertex shader: 29 instructions
[2016.12.06-18.04.52:820][209]MaterialEditorStats: Info Texture samplers: 0/16
[2016.12.06-18.04.55:313][453]LogMaterialEditor: Saving and Compiling material M_Mirror
[2016.12.06-18.04.55:564][453]LogMaterial: Missing cached shader map for material M_Mirror, compiling. 
[2016.12.06-18.04.55:573][453]LogMaterial: 0.00 seconds spent updating 1 materials, 1 interfaces, 0 instances, 0 with static permutations.
[2016.12.06-18.04.55:590][453]LogMaterial: Missing cached shader map for material M_Mirror, compiling. 
[2016.12.06-18.04.55:602][453]LogMaterial: Missing cached shader map for material M_Mirror, compiling. 
[2016.12.06-18.04.55:611][453]LogMaterial: 0.00 seconds spent updating 1 materials, 1 interfaces, 0 instances, 0 with static permutations.
[2016.12.06-18.04.57:218][453]Cmd: OBJ SAVEPACKAGE PACKAGE="/Game/Assets/Materials/M_Mirror" FILE="../../../../../7AM/ProProj/Content/Assets/Materials/M_Mirror.uasset" SILENT=true
[2016.12.06-18.04.57:230][453]LogSavePackage: Save=10.73ms
[2016.12.06-18.04.57:230][453]LogSavePackage: Moving '../../../../../7AM/ProProj/Saved/M_Mirror45D7C5B546D7885A6BCED7857C1067AF.tmp' to '../../../../../7AM/ProProj/Content/Assets/Materials/M_Mirror.uasset'
[2016.12.06-18.04.57:232][453]LogSavePackage:Display: Finished SavePackage ../../../../../7AM/ProProj/Content/Assets/Materials/M_Mirror.uasset
[2016.12.06-18.04.57:237][453]MaterialEditorStats: Info Base pass shader with only dynamic lighting: 57 instructions
[2016.12.06-18.04.57:237][453]MaterialEditorStats: Info Vertex shader: 29 instructions
[2016.12.06-18.04.57:237][453]MaterialEditorStats: Info Texture samplers: 3/16
[2016.12.06-18.05.15:723][ 68]Cmd: OBJ SAVEPACKAGE PACKAGE="/Game/Assets/Models/Train" FILE="../../../../../7AM/ProProj/Content/Assets/Models/Train.uasset" SILENT=true
[2016.12.06-18.05.15:734][ 68]LogSavePackage: Save=9.12ms
[2016.12.06-18.05.15:734][ 68]LogSavePackage: Moving '../../../../../7AM/ProProj/Saved/Train125CCC5D448389A41657EFA28C4E671A.tmp' to '../../../../../7AM/ProProj/Content/Assets/Models/Train.uasset'
[2016.12.06-18.05.15:736][ 68]LogSavePackage:Display: Finished SavePackage ../../../../../7AM/ProProj/Content/Assets/Models/Train.uasset
[2016.12.06-18.05.35:957][153]MapCheck: New page: Map Check
[2016.12.06-18.05.36:109][153]Cmd: MAP REBUILD ALLVISIBLE
[2016.12.06-18.05.36:109][153]LogEditorServer: Rebuildmap Clear paths rebuilt
[2016.12.06-18.05.36:381][153]LightingResults: New page: Lighting Build - 6 Dec 2016 18:05:36
[2016.12.06-18.05.36:536][153]LogSwarmInterface: [OpenConnection] Registering TCP channel ...
[2016.12.06-18.05.36:617][153]LogSwarmInterface: [OpenConnection] Connecting to agent ...
[2016.12.06-18.05.36:624][153]LogSwarmInterface: [TryOpenConnection] Testing the Agent
[2016.12.06-18.05.37:143][153]LogSwarmInterface: [TryOpenConnection] Opening Connection to Agent
[2016.12.06-18.05.37:143][153]LogSwarmInterface: [TryOpenConnection] Local Process ID is 7260
[2016.12.06-18.05.39:445][153]LogStaticLightingSystem: Running Lightmass w/ ImmediateImport mode ENABLED
[2016.12.06-18.05.39:445][153]LogStaticLightingSystem: Running Lightmass w/ ImmediateProcess mode ENABLED
[2016.12.06-18.05.39:445][153]LogStaticLightingSystem: Running Lightmass w/ Sorting mode ENABLED
[2016.12.06-18.05.39:445][153]LogStaticLightingSystem: Running Lightmass w/ Mapping paddings ENABLED
[2016.12.06-18.05.39:445][153]LogStaticLightingSystem: Running Lightmass w/ Mapping debug paddings DISABLED
[2016.12.06-18.05.39:590][153]Cmd: MAP CHECK DONTDISPLAYDIALOG
[2016.12.06-18.05.39:590][153]MapCheck: New page: Soldier - 6 Dec 2016 18:05:39
[2016.12.06-18.05.39:676][153]MapCheck:Error: Error WorldInfo_0 Maps need lighting rebuilt 
[2016.12.06-18.05.39:728][153]MapCheck: Info Map check complete: 1 Error(s), 0 Warning(s), took 138.385ms to complete.
[2016.12.06-18.05.39:751][153]LogEditorBuildUtils: Build time 0:03
[2016.12.06-18.05.39:851][154]Cmd: UpdateLandscapeEditorData
[2016.12.06-18.06.12:283][453]Job is a success!
[2016.12.06-18.06.19:890][454]LogTexture:Display: Building textures: SkyOcclusion0_1 (AutoDXT)
[2016.12.06-18.06.19:890][454]LogTexture:Display: Building textures: HQ_Lightmap0_1 (AutoDXT)
[2016.12.06-18.06.19:890][454]LogTexture:Display: Building textures: LQ_Lightmap_0_1 (DXT1)
[2016.12.06-18.06.19:890][454]LogTexture:Display: Building textures: SkyOcclusion1_2 (AutoDXT)
[2016.12.06-18.06.19:890][454]LogTexture:Display: Building textures: HQ_Lightmap1_2 (AutoDXT)
[2016.12.06-18.06.19:890][454]LogTexture:Display: Building textures: LQ_Lightmap_1_2 (DXT1)
[2016.12.06-18.06.19:890][454]LogTexture:Display: Building textures: SkyOcclusion0_3 (AutoDXT)
[2016.12.06-18.06.19:890][454]LogTexture:Display: Building textures: HQ_Lightmap0_3 (AutoDXT)
[2016.12.06-18.06.19:890][454]LogTexture:Display: Building textures: LQ_Lightmap_0_3 (DXT1)
[2016.12.06-18.06.19:890][454]LogTexture:Display: Building textures: SkyOcclusion0_4 (AutoDXT)
[2016.12.06-18.06.19:890][454]LogTexture:Display: Building textures: HQ_Lightmap0_4 (AutoDXT)
[2016.12.06-18.06.19:890][454]LogTexture:Display: Building textures: LQ_Lightmap_0_4 (DXT1)
[2016.12.06-18.06.19:891][454]LogTexture:Display: Building textures: SkyOcclusion1_5 (AutoDXT)
[2016.12.06-18.06.19:891][454]LogTexture:Display: Building textures: HQ_Lightmap1_5 (AutoDXT)
[2016.12.06-18.06.19:891][454]LogTexture:Display: Building textures: LQ_Lightmap_1_5 (DXT1)
[2016.12.06-18.06.19:891][454]LogTexture:Display: Building textures: SkyOcclusion1_6 (AutoDXT)
[2016.12.06-18.06.19:891][454]LogTexture:Display: Building textures: HQ_Lightmap1_6 (AutoDXT)
[2016.12.06-18.06.19:891][454]LogTexture:Display: Building textures: LQ_Lightmap_1_6 (DXT1)
[2016.12.06-18.06.19:891][454]LogTexture:Display: Building textures: SkyOcclusion0_7 (AutoDXT)
[2016.12.06-18.06.19:891][454]LogTexture:Display: Building textures: HQ_Lightmap0_7 (AutoDXT)
[2016.12.06-18.06.19:891][454]LogTexture:Display: Building textures: LQ_Lightmap_0_7 (DXT1)
[2016.12.06-18.06.20:727][454]LogTexture:Display: Building textures: ShadowMapTexture2D_0 (G8)
[2016.12.06-18.06.20:727][454]LogTexture:Display: Building textures: ShadowMapTexture2D_1 (G8)
[2016.12.06-18.06.20:727][454]LogTexture:Display: Building textures: ShadowMapTexture2D_2 (G8)
[2016.12.06-18.06.20:727][454]LogTexture:Display: Building textures: ShadowMapTexture2D_3 (G8)
[2016.12.06-18.06.20:727][454]LogTexture:Display: Building textures: ShadowMapTexture2D_4 (G8)
[2016.12.06-18.06.20:768][454]Lightmass on GREENMACHINE: 40.0 sec total, 206 ms importing, 48 ms setup, 4.40 sec photons, 35.3 sec processing, 0 ms extra exporting [690/690 mappings]. Threads: 2:21 min total, 1:19 min processing.
[2016.12.06-18.06.20:782][454]LogStaticLightingSystem: Illumination: 44.0 sec (6.38 sec encoding lightmaps, 838 ms encoding shadowmaps)
[2016.12.06-18.06.20:783][454]LogStaticLightingSystem: Lightmap texture memory:  16.7 MB (14.0 MB streaming, 2.7 MB non-streaming), 14 textures
[2016.12.06-18.06.20:783][454]LogStaticLightingSystem: Shadowmap texture memory: 6.3 MB (5.7 MB streaming, 0.7 MB non-streaming), 5 textures
[2016.12.06-18.06.21:412][455]Cmd: MAP CHECK NOTIFYRESULTS
[2016.12.06-18.06.21:412][455]MapCheck: New page: Soldier - 6 Dec 2016 18:06:21
[2016.12.06-18.06.21:466][455]MapCheck: Info Map check complete: 0 Error(s), 0 Warning(s), took 53.607ms to complete.
[2016.12.06-18.06.39:503][577]LogMaterial: Missing cached shader map for material M_TrainMetal, compiling. 
[2016.12.06-18.06.39:582][577]LogMaterial: Missing cached shader map for material M_TrainMetal, compiling. 
[2016.12.06-18.06.39:586][577]LogMaterial: 0.00 seconds spent updating 1 materials, 1 interfaces, 0 instances, 0 with static permutations.
[2016.12.06-18.06.41:082][718]MaterialEditorStats: Info Base pass shader with only dynamic lighting: 22 instructions
[2016.12.06-18.06.41:082][718]MaterialEditorStats: Info Vertex shader: 29 instructions
[2016.12.06-18.06.41:082][718]MaterialEditorStats: Info Texture samplers: 0/16
[2016.12.06-18.06.43:042][917]LogMaterial: Missing cached shader map for material M_TrainMetal, compiling. 
[2016.12.06-18.06.43:046][917]LogMaterial: 0.00 seconds spent updating 1 materials, 1 interfaces, 0 instances, 0 with static permutations.
[2016.12.06-18.06.44:125][ 18]MaterialEditorStats: Info Base pass shader with only dynamic lighting: 22 instructions
[2016.12.06-18.06.44:125][ 18]MaterialEditorStats: Info Vertex shader: 29 instructions
[2016.12.06-18.06.44:125][ 18]MaterialEditorStats: Info Texture samplers: 0/16
[2016.12.06-18.06.44:301][ 37]LogMaterial: Missing cached shader map for material M_TrainMetal, compiling. 
[2016.12.06-18.06.44:305][ 37]LogMaterial: 0.00 seconds spent updating 1 materials, 1 interfaces, 0 instances, 0 with static permutations.
[2016.12.06-18.06.45:508][158]MaterialEditorStats: Info Base pass shader with only dynamic lighting: 22 instructions
[2016.12.06-18.06.45:508][158]MaterialEditorStats: Info Vertex shader: 29 instructions
[2016.12.06-18.06.45:508][158]MaterialEditorStats: Info Texture samplers: 0/16
[2016.12.06-18.06.48:135][421]LogMaterialEditor: Saving and Compiling material M_TrainMetal
[2016.12.06-18.06.48:383][421]LogMaterial: Missing cached shader map for material M_TrainMetal, compiling. 
[2016.12.06-18.06.48:392][421]LogMaterial: 0.00 seconds spent updating 1 materials, 1 interfaces, 0 instances, 0 with static permutations.
[2016.12.06-18.06.48:407][421]LogMaterial: Missing cached shader map for material M_TrainMetal, compiling. 
[2016.12.06-18.06.48:418][421]LogMaterial: Missing cached shader map for material M_TrainMetal, compiling. 
[2016.12.06-18.06.48:427][421]LogMaterial: 0.00 seconds spent updating 1 materials, 1 interfaces, 0 instances, 0 with static permutations.
[2016.12.06-18.06.49:982][421]Cmd: OBJ SAVEPACKAGE PACKAGE="/Game/Assets/Materials/M_TrainMetal" FILE="../../../../../7AM/ProProj/Content/Assets/Materials/M_TrainMetal.uasset" SILENT=true
[2016.12.06-18.06.49:998][421]LogSavePackage: Save=9.94ms
[2016.12.06-18.06.49:998][421]LogSavePackage: Moving '../../../../../7AM/ProProj/Saved/M_TrainMetalE7918A7B4CE782D7D1AFB9A6E592D505.tmp' to '../../../../../7AM/ProProj/Content/Assets/Materials/M_TrainMetal.uasset'
[2016.12.06-18.06.50:000][421]LogSavePackage:Display: Finished SavePackage ../../../../../7AM/ProProj/Content/Assets/Materials/M_TrainMetal.uasset
[2016.12.06-18.06.50:006][421]MaterialEditorStats: Info Base pass shader with only dynamic lighting: 61 instructions
[2016.12.06-18.06.50:006][421]MaterialEditorStats: Info Vertex shader: 29 instructions
[2016.12.06-18.06.50:006][421]MaterialEditorStats: Info Texture samplers: 3/16
[2016.12.06-18.06.58:064][296]LogMaterial: Missing cached shader map for material M_TrainMetal, compiling. 
[2016.12.06-18.06.58:069][296]LogMaterial: 0.00 seconds spent updating 1 materials, 1 interfaces, 0 instances, 0 with static permutations.
[2016.12.06-18.06.59:035][369]MaterialEditorStats: Info Base pass shader with only dynamic lighting: 22 instructions
[2016.12.06-18.06.59:035][369]MaterialEditorStats: Info Vertex shader: 29 instructions
[2016.12.06-18.06.59:035][369]MaterialEditorStats: Info Texture samplers: 0/16
[2016.12.06-18.07.00:059][488]LogMaterialEditor: Saving and Compiling material M_TrainMetal
[2016.12.06-18.07.00:307][488]LogMaterial: Missing cached shader map for material M_TrainMetal, compiling. 
[2016.12.06-18.07.00:316][488]LogMaterial: 0.00 seconds spent updating 1 materials, 1 interfaces, 0 instances, 0 with static permutations.
[2016.12.06-18.07.00:333][488]LogMaterial: Missing cached shader map for material M_TrainMetal, compiling. 
[2016.12.06-18.07.00:344][488]LogMaterial: Missing cached shader map for material M_TrainMetal, compiling. 
[2016.12.06-18.07.00:353][488]LogMaterial: 0.00 seconds spent updating 1 materials, 1 interfaces, 0 instances, 0 with static permutations.
[2016.12.06-18.07.01:937][488]Cmd: OBJ SAVEPACKAGE PACKAGE="/Game/Assets/Materials/M_TrainMetal" FILE="../../../../../7AM/ProProj/Content/Assets/Materials/M_TrainMetal.uasset" SILENT=true
[2016.12.06-18.07.01:949][488]LogSavePackage: Save=9.92ms
[2016.12.06-18.07.01:949][488]LogSavePackage: Moving '../../../../../7AM/ProProj/Saved/M_TrainMetalF692E6A34126BE5EA939628E549CE4C7.tmp' to '../../../../../7AM/ProProj/Content/Assets/Materials/M_TrainMetal.uasset'
[2016.12.06-18.07.01:951][488]LogSavePackage:Display: Finished SavePackage ../../../../../7AM/ProProj/Content/Assets/Materials/M_TrainMetal.uasset
[2016.12.06-18.07.01:957][488]MaterialEditorStats: Info Base pass shader with only dynamic lighting: 61 instructions
[2016.12.06-18.07.01:957][488]MaterialEditorStats: Info Vertex shader: 29 instructions
[2016.12.06-18.07.01:957][488]MaterialEditorStats: Info Texture samplers: 3/16
[2016.12.06-18.07.14:009][810]LogBlueprintUserMessages: Early PlayInEditor Detection: Level '/Game/SideScrollerBP/Maps/Soldier.Soldier:PersistentLevel' has LevelScriptBlueprint '/Game/SideScrollerBP/Maps/Soldier.Soldier:PersistentLevel.Soldier' with GeneratedClass '/Game/SideScrollerBP/Maps/Soldier.Soldier_C' with ClassGeneratedBy '/Game/SideScrollerBP/Maps/Soldier.Soldier:PersistentLevel.Soldier'
[2016.12.06-18.07.14:009][810]LogPlayLevel: PlayLevel: No blueprints needed recompiling
[2016.12.06-18.07.14:009][810]PIE: New page: SIE session: Soldier (6 Dec 2016 18:07:14)
[2016.12.06-18.07.14:009][810]LogPlayLevel: Creating play world package: /Game/SideScrollerBP/Maps/UEDPIE_0_Soldier
[2016.12.06-18.07.14:062][810]LogPlayLevel: PIE: StaticDuplicateObject took: (0.052133s)
[2016.12.06-18.07.14:062][810]LogAIModule: Creating AISystem for world Soldier
[2016.12.06-18.07.14:062][810]LogPlayLevel: PIE: World Init took: (0.000408s)
[2016.12.06-18.07.14:062][810]LogPlayLevel: PIE: Created PIE world by copying editor world from /Game/SideScrollerBP/Maps/Soldier.Soldier to /Game/SideScrollerBP/Maps/UEDPIE_0_Soldier.Soldier (0.052774s)
[2016.12.06-18.07.14:080][810]LogInit: XAudio2 using 'Speakers (Realtek High Definition Audio)' : 2 channels at 48 kHz using 32 bits per sample (channel mask 0x3)
[2016.12.06-18.07.14:086][810]LogInit: FAudioDevice initialized.
[2016.12.06-18.07.14:140][810]LogWorld: Game class is 'SoldierMode_C'
[2016.12.06-18.07.14:160][810]LogWorld: Bringing World /Game/SideScrollerBP/Maps/UEDPIE_0_Soldier.Soldier up for play (max tick rate 0) at 2016.12.06-18.07.14
[2016.12.06-18.07.14:162][810]LogWorld: Bringing up level for play took: 0.021069
[2016.12.06-18.07.14:164][810]PIE: Info Play in editor start time for /Game/SideScrollerBP/Maps/UEDPIE_0_Soldier -0.243
[2016.12.06-18.07.14:169][810]LogBlueprintUserMessages: Late PlayInEditor Detection: Level '/Game/SideScrollerBP/Maps/Soldier.Soldier:PersistentLevel' has LevelScriptBlueprint '/Game/SideScrollerBP/Maps/Soldier.Soldier:PersistentLevel.Soldier' with GeneratedClass '/Game/SideScrollerBP/Maps/Soldier.Soldier_C' with ClassGeneratedBy '/Game/SideScrollerBP/Maps/Soldier.Soldier:PersistentLevel.Soldier'
[2016.12.06-18.07.22:133][618]LogBlueprintUserMessages: Early EndPlayMap Detection: Level '/Game/SideScrollerBP/Maps/Soldier.Soldier:PersistentLevel' has LevelScriptBlueprint '/Game/SideScrollerBP/Maps/Soldier.Soldier:PersistentLevel.Soldier' with GeneratedClass '/Game/SideScrollerBP/Maps/Soldier.Soldier_C' with ClassGeneratedBy '/Game/SideScrollerBP/Maps/Soldier.Soldier:PersistentLevel.Soldier'
[2016.12.06-18.07.22:170][618]LogBlueprintUserMessages: Late EndPlayMap Detection: Level '/Game/SideScrollerBP/Maps/Soldier.Soldier:PersistentLevel' has LevelScriptBlueprint '/Game/SideScrollerBP/Maps/Soldier.Soldier:PersistentLevel.Soldier' with GeneratedClass '/Game/SideScrollerBP/Maps/Soldier.Soldier_C' with ClassGeneratedBy '/Game/SideScrollerBP/Maps/Soldier.Soldier:PersistentLevel.Soldier'
[2016.12.06-18.07.27:647][256]Cmd: OBJ SAVEPACKAGE PACKAGE="/Game/SideScrollerBP/Maps/Soldier" FILE="../../../../../7AM/ProProj/Content/SideScrollerBP/Maps/Soldier.umap" SILENT=true AUTOSAVING=false KEEPDIRTY=false
[2016.12.06-18.07.28:766][256]LogSavePackage: Save=1086.97ms
[2016.12.06-18.07.28:766][256]LogSavePackage: Moving '../../../../../7AM/ProProj/Saved/Soldier54AAC13841F5DF8F2F5F5094D46C4197.tmp' to '../../../../../7AM/ProProj/Content/SideScrollerBP/Maps/Soldier.umap'
[2016.12.06-18.07.28:772][256]LogSavePackage:Display: Finished SavePackage ../../../../../7AM/ProProj/Content/SideScrollerBP/Maps/Soldier.umap
[2016.12.06-18.07.28:797][256]LogFileHelpers: Saving map 'Soldier' took 1.201
[2016.12.06-18.07.33:395][778]LogWindowsTextInputMethodSystem:Display: IME system now deactivated.
[2016.12.06-18.07.33:594][779]Cmd: QUIT_EDITOR
[2016.12.06-18.07.33:762][779]LogExit: Preparing to exit.
[2016.12.06-18.07.34:816][779]LogExit: Editor shut down
[2016.12.06-18.07.34:816][779]LogExit: Transaction tracking system shut down
[2016.12.06-18.07.35:186][779]LogObj: Freed 0b from 0 cluster array pools.
[2016.12.06-18.07.35:186][779]LogExit: Object subsystem successfully closed.
[2016.12.06-18.07.35:261][779]LogD3D11RHI: Shutdown
[2016.12.06-18.07.35:261][779]LogD3D11RHI: CleanupD3DDevice
[2016.12.06-18.07.35:359][779]LogD3D11RHI: ~FD3D11DynamicRHI
[2016.12.06-18.07.35:607][779]LogModuleManager: Shutting down and abandoning module HierarchicalLODUtilities (219)
[2016.12.06-18.07.35:616][779]LogModuleManager: Shutting down and abandoning module MaterialEditor (218)
[2016.12.06-18.07.35:616][779]LogModuleManager: Shutting down and abandoning module MovieSceneCapture (217)
[2016.12.06-18.07.35:616][779]LogModuleManager: Shutting down and abandoning module StaticMeshEditor (216)
[2016.12.06-18.07.35:616][779]LogModuleManager: Shutting down and abandoning module BlueprintGraph (215)
[2016.12.06-18.07.35:617][779]LogModuleManager: Shutting down and abandoning module StatsViewer (214)
[2016.12.06-18.07.35:617][779]LogModuleManager: Shutting down and abandoning module ExternalImagePicker (213)
[2016.12.06-18.07.35:617][779]LogModuleManager: Shutting down and abandoning module HierarchicalLODOutliner (212)
[2016.12.06-18.07.35:626][779]LogModuleManager: Shutting down and abandoning module CrashTracker (211)
[2016.12.06-18.07.35:626][779]LogModuleManager: Shutting down and abandoning module SceneOutliner (210)
[2016.12.06-18.07.35:626][779]LogModuleManager: Shutting down and abandoning module WidgetCarousel (209)
[2016.12.06-18.07.35:626][779]LogModuleManager: Shutting down and abandoning module AddContentDialog (208)
[2016.12.06-18.07.35:627][779]LogModuleManager: Shutting down and abandoning module GameplayTags (207)
[2016.12.06-18.07.35:627][779]LogModuleManager: Shutting down and abandoning module EditorWidgets (206)
[2016.12.06-18.07.35:627][779]LogModuleManager: Shutting down and abandoning module CollectionManager (205)
[2016.12.06-18.07.35:627][779]LogModuleManager: Shutting down and abandoning module FoliageEdit (204)
[2016.12.06-18.07.35:627][779]LogModuleManager: Shutting down and abandoning module LandscapeEditor (203)
[2016.12.06-18.07.35:642][779]LogModuleManager: Shutting down and abandoning module SceneDepthPickerMode (202)
[2016.12.06-18.07.35:642][779]LogModuleManager: Shutting down and abandoning module ActorPickerMode (201)
[2016.12.06-18.07.35:642][779]LogModuleManager: Shutting down and abandoning module GeometryMode (200)
[2016.12.06-18.07.35:643][779]LogModuleManager: Shutting down and abandoning module TextureAlignMode (199)
[2016.12.06-18.07.35:643][779]LogModuleManager: Shutting down and abandoning module BspMode (198)
[2016.12.06-18.07.35:643][779]LogModuleManager: Shutting down and abandoning module HardwareSurvey (197)
[2016.12.06-18.07.35:643][779]LogModuleManager: Shutting down and abandoning module SequenceRecorderSections (196)
[2016.12.06-18.07.35:643][779]LogModuleManager: Shutting down and abandoning module SequenceRecorder (195)
[2016.12.06-18.07.35:643][779]LogModuleManager: Shutting down and abandoning module AutomationWorker (194)
[2016.12.06-18.07.35:643][779]LogModuleManager: Shutting down and abandoning module MatineeToLevelSequence (193)
[2016.12.06-18.07.35:643][779]LogModuleManager: Shutting down and abandoning module PlacementMode (192)
[2016.12.06-18.07.35:653][779]LogModuleManager: Shutting down and abandoning module LevelSequenceEditor (191)
[2016.12.06-18.07.35:653][779]LogModuleManager: Shutting down and abandoning module CharacterAI (190)
[2016.12.06-18.07.35:653][779]LogModuleManager: Shutting down and abandoning module SmartSnapping (189)
[2016.12.06-18.07.35:653][779]LogModuleManager: Shutting down and abandoning module SessionServices (188)
[2016.12.06-18.07.35:653][779]LogModuleManager: Shutting down and abandoning module ViewportSnapping (187)
[2016.12.06-18.07.35:653][779]LogModuleManager: Shutting down and abandoning module LogVisualizer (186)
[2016.12.06-18.07.35:654][779]LogModuleManager: Shutting down and abandoning module GameProjectGeneration (185)
[2016.12.06-18.07.35:654][779]LogModuleManager: Shutting down and abandoning module IntroTutorials (184)
[2016.12.06-18.07.35:654][779]LogModuleManager: Shutting down and abandoning module EditorLiveStreaming (183)
[2016.12.06-18.07.35:654][779]LogModuleManager: Shutting down and abandoning module IOSPlatformEditor (182)
[2016.12.06-18.07.35:654][779]LogModuleManager: Shutting down and abandoning module HTML5PlatformEditor (181)
[2016.12.06-18.07.35:654][779]LogModuleManager: Shutting down and abandoning module AndroidDeviceDetection (180)
[2016.12.06-18.07.36:271][779]LogModuleManager: Shutting down and abandoning module AndroidPlatformEditor (179)
[2016.12.06-18.07.36:271][779]LogModuleManager: Shutting down and abandoning module IOSRuntimeSettings (178)
[2016.12.06-18.07.36:271][779]LogModuleManager: Shutting down and abandoning module AndroidRuntimeSettings (177)
[2016.12.06-18.07.36:271][779]LogModuleManager: Shutting down and abandoning module MergeActors (176)
[2016.12.06-18.07.36:290][779]LogModuleManager: Shutting down and abandoning module SizeMap (175)
[2016.12.06-18.07.36:290][779]LogModuleManager: Shutting down and abandoning module TreeMap (174)
[2016.12.06-18.07.36:290][779]LogModuleManager: Shutting down and abandoning module ReferenceViewer (173)
[2016.12.06-18.07.36:290][779]LogModuleManager: Shutting down and abandoning module LocalizationService (172)
[2016.12.06-18.07.36:302][779]LogModuleManager: Shutting down and abandoning module LocalizationDashboard (171)
[2016.12.06-18.07.36:309][779]LogModuleManager: Shutting down and abandoning module HardwareTargeting (170)
[2016.12.06-18.07.36:310][779]LogModuleManager: Shutting down and abandoning module DeviceProfileEditor (169)
[2016.12.06-18.07.36:319][779]LogModuleManager: Shutting down and abandoning module UndoHistory (168)
[2016.12.06-18.07.36:325][779]LogModuleManager: Shutting down and abandoning module UserFeedback (167)
[2016.12.06-18.07.36:325][779]LogModuleManager: Shutting down and abandoning module XmlParser (166)
[2016.12.06-18.07.36:325][779]LogModuleManager: Shutting down and abandoning module Blutility (165)
[2016.12.06-18.07.36:325][779]LogModuleManager: Shutting down and abandoning module ProjectTargetPlatformEditor (164)
[2016.12.06-18.07.36:325][779]LogModuleManager: Shutting down and abandoning module ProjectSettingsViewer (163)
[2016.12.06-18.07.36:325][779]LogModuleManager: Shutting down and abandoning module InputBindingEditor (162)
[2016.12.06-18.07.36:325][779]LogModuleManager: Shutting down and abandoning module EditorSettingsViewer (161)
[2016.12.06-18.07.36:325][779]LogModuleManager: Shutting down and abandoning module SettingsEditor (160)
[2016.12.06-18.07.36:325][779]LogModuleManager: Shutting down and abandoning module ProjectLauncher (159)
[2016.12.06-18.07.36:347][779]LogModuleManager: Shutting down and abandoning module SessionFrontend (158)
[2016.12.06-18.07.36:357][779]LogModuleManager: Shutting down and abandoning module ProfilerClient (157)
[2016.12.06-18.07.36:391][779]LogModuleManager: Shutting down and abandoning module TargetDeviceServices (156)
[2016.12.06-18.07.36:391][779]LogModuleManager: Shutting down and abandoning module DeviceManager (155)
[2016.12.06-18.07.36:440][779]LogModuleManager: Shutting down and abandoning module AutomationController (154)
[2016.12.06-18.07.36:447][779]LogModuleManager: Shutting down and abandoning module AutomationWindow (153)
[2016.12.06-18.07.36:483][779]LogModuleManager: Shutting down and abandoning module Layers (152)
[2016.12.06-18.07.36:484][779]LogModuleManager: Shutting down and abandoning module ComponentVisualizers (151)
[2016.12.06-18.07.36:484][779]LogModuleManager: Shutting down and abandoning module DetailCustomizations (150)
[2016.12.06-18.07.36:484][779]LogModuleManager: Shutting down and abandoning module PackagesDialog (149)
[2016.12.06-18.07.36:484][779]LogModuleManager: Shutting down and abandoning module Persona (148)
[2016.12.06-18.07.36:502][779]LogModuleManager: Shutting down and abandoning module Kismet (147)
[2016.12.06-18.07.36:502][779]LogModuleManager: Shutting down and abandoning module GraphEditor (146)
[2016.12.06-18.07.36:502][779]LogModuleManager: Shutting down and abandoning module ClassViewer (145)
[2016.12.06-18.07.36:503][779]LogModuleManager: Shutting down and abandoning module Toolbox (144)
[2016.12.06-18.07.36:503][779]LogModuleManager: Shutting down and abandoning module ModuleUI (143)
[2016.12.06-18.07.36:540][779]LogModuleManager: Shutting down and abandoning module MovieSceneTools (142)
[2016.12.06-18.07.36:540][779]LogModuleManager: Shutting down and abandoning module OutputLog (141)
[2016.12.06-18.07.36:540][779]LogModuleManager: Shutting down and abandoning module GammaUI (140)
[2016.12.06-18.07.36:578][779]LogModuleManager: Shutting down and abandoning module Documentation (139)
[2016.12.06-18.07.36:578][779]LogModuleManager: Shutting down and abandoning module StreamingPauseRendering (138)
[2016.12.06-18.07.36:578][779]LogModuleManager: Shutting down and abandoning module AnalyticsET (137)
[2016.12.06-18.07.36:578][779]LogModuleManager: Shutting down and abandoning module Analytics (136)
[2016.12.06-18.07.36:578][779]LogModuleManager: Shutting down and abandoning module PortalServices (135)
[2016.12.06-18.07.36:578][779]LogModuleManager: Shutting down and abandoning module PortalRpc (134)
[2016.12.06-18.07.36:578][779]LogModuleManager: Shutting down and abandoning module MessagingRpc (133)
[2016.12.06-18.07.36:578][779]LogModuleManager: Shutting down and abandoning module GameplayDebugger (132)
[2016.12.06-18.07.36:578][779]LogModuleManager: Shutting down and abandoning module AITestSuite (131)
[2016.12.06-18.07.36:578][779]LogModuleManager: Shutting down and abandoning module AIModule (130)
[2016.12.06-18.07.36:578][779]LogModuleManager: Shutting down and abandoning module ProfilerService (129)
[2016.12.06-18.07.36:621][779]LogModuleManager: Shutting down and abandoning module TaskGraph (128)
[2016.12.06-18.07.36:622][779]LogModuleManager: Shutting down and abandoning module SlateRemote (127)
[2016.12.06-18.07.36:622][779]LogModuleManager: Shutting down and abandoning module SteamVRController (126)
[2016.12.06-18.07.36:622][779]LogModuleManager: Shutting down and abandoning module SteamVR (125)
[2016.12.06-18.07.36:622][779]LogModuleManager: Shutting down and abandoning module ProceduralMeshComponent (124)
[2016.12.06-18.07.36:622][779]LogModuleManager: Shutting down and abandoning module OculusLibrary (123)
[2016.12.06-18.07.36:622][779]LogModuleManager: Shutting down and abandoning module OculusInput (122)
[2016.12.06-18.07.36:622][779]LogModuleManager: Shutting down and abandoning module CustomMeshComponent (121)
[2016.12.06-18.07.36:622][779]LogModuleManager: Shutting down and abandoning module CableComponent (120)
[2016.12.06-18.07.36:622][779]LogModuleManager: Shutting down and abandoning module ArchVisCharacter (119)
[2016.12.06-18.07.36:622][779]LogModuleManager: Shutting down and abandoning module MediaPlayerEditor (118)
[2016.12.06-18.07.36:629][779]LogModuleManager: Shutting down and abandoning module HTML5Networking (117)
[2016.12.06-18.07.36:629][779]LogModuleManager: Shutting down and abandoning module SuperSearch (116)
[2016.12.06-18.07.36:629][779]LogModuleManager: Shutting down and abandoning module SuperSearchEditor (115)
[2016.12.06-18.07.36:629][779]LogModuleManager: Shutting down and abandoning module SpeedTreeImporter (114)
[2016.12.06-18.07.36:629][779]LogModuleManager: Shutting down and abandoning module PluginBrowser (113)
[2016.12.06-18.07.36:629][779]LogModuleManager: Shutting down and abandoning module EpicSurvey (112)
[2016.12.06-18.07.36:629][779]LogModuleManager: Shutting down and abandoning module DesktopPlatform (111)
[2016.12.06-18.07.36:629][779]LogModuleManager: Shutting down and abandoning module VisualStudioSourceCodeAccess (110)
[2016.12.06-18.07.36:629][779]LogModuleManager: Shutting down and abandoning module UObjectPlugin (109)
[2016.12.06-18.07.36:629][779]LogModuleManager: Shutting down and abandoning module SubversionSourceControl (108)
[2016.12.06-18.07.36:629][779]LogModuleManager: Shutting down and abandoning module PerforceSourceControl (107)
[2016.12.06-18.07.36:629][779]LogModuleManager: Shutting down and abandoning module SourceControl (106)
[2016.12.06-18.07.36:629][779]LogModuleManager: Shutting down and abandoning module GitSourceControl (105)
[2016.12.06-18.07.36:629][779]LogModuleManager: Shutting down and abandoning module LightPropagationVolumeEditor (104)
[2016.12.06-18.07.36:629][779]LogModuleManager: Shutting down and abandoning module PaperTiledImporter (103)
[2016.12.06-18.07.36:629][779]LogModuleManager: Shutting down and abandoning module PaperSpriteSheetImporter (102)
[2016.12.06-18.07.36:629][779]LogModuleManager: Shutting down and abandoning module MeshPaint (101)
[2016.12.06-18.07.36:629][779]LogModuleManager: Shutting down and abandoning module PixelInspectorModule (100)
[2016.12.06-18.07.36:629][779]LogModuleManager: Shutting down and abandoning module HotReload (99)
[2016.12.06-18.07.36:629][779]LogModuleManager: Shutting down and abandoning module MainFrame (98)
[2016.12.06-18.07.36:629][779]LogModuleManager: Shutting down and abandoning module LevelEditor (97)
[2016.12.06-18.07.36:630][779]LogModuleManager: Shutting down and abandoning module ContentBrowser (96)
[2016.12.06-18.07.36:630][779]LogModuleManager: Shutting down and abandoning module Paper2DEditor (95)
[2016.12.06-18.07.36:637][779]LogModuleManager: Shutting down and abandoning module UdpMessaging (94)
[2016.12.06-18.07.36:738][779]LogModuleManager: Shutting down and abandoning module LightPropagationVolumeRuntime (93)
[2016.12.06-18.07.36:738][779]LogModuleManager: Shutting down and abandoning module Paper2D (92)
[2016.12.06-18.07.36:738][779]LogModuleManager: Shutting down and abandoning module WindowsMoviePlayer (91)
[2016.12.06-18.07.36:738][779]LogModuleManager: Shutting down and abandoning module Media (90)
[2016.12.06-18.07.36:738][779]LogModuleManager: Shutting down and abandoning module WmfMedia (89)
[2016.12.06-18.07.36:751][779]LogModuleManager: Shutting down and abandoning module MediaAssets (88)
[2016.12.06-18.07.36:751][779]LogModuleManager: Shutting down and abandoning module GameLiveStreaming (87)
[2016.12.06-18.07.36:751][779]LogModuleManager: Shutting down and abandoning module GameplayTagsEditor (86)
[2016.12.06-18.07.36:751][779]LogModuleManager: Shutting down and abandoning module OnlineBlueprintSupport (85)
[2016.12.06-18.07.36:751][779]LogModuleManager: Shutting down and abandoning module VREditor (84)
[2016.12.06-18.07.36:751][779]LogModuleManager: Shutting down and abandoning module GameplayTasksEditor (83)
[2016.12.06-18.07.36:751][779]LogModuleManager: Shutting down and abandoning module PropertyEditor (82)
[2016.12.06-18.07.36:751][779]LogModuleManager: Shutting down and abandoning module BehaviorTreeEditor (81)
[2016.12.06-18.07.36:765][779]LogModuleManager: Shutting down and abandoning module FunctionalTesting (80)
[2016.12.06-18.07.36:765][779]LogModuleManager: Shutting down and abandoning module CollisionAnalyzer (79)
[2016.12.06-18.07.36:777][779]LogModuleManager: Shutting down and abandoning module Sequencer (78)
[2016.12.06-18.07.36:784][779]LogModuleManager: Shutting down and abandoning module WorkspaceMenuStructure (77)
[2016.12.06-18.07.36:784][779]LogModuleManager: Shutting down and abandoning module MessageLog (76)
[2016.12.06-18.07.36:784][779]LogModuleManager: Shutting down and abandoning module AssetTools (75)
[2016.12.06-18.07.36:784][779]LogModuleManager: Shutting down and abandoning module UMGEditor (74)
[2016.12.06-18.07.36:794][779]LogModuleManager: Shutting down and abandoning module UMG (73)
[2016.12.06-18.07.36:794][779]LogModuleManager: Shutting down and abandoning module SlateReflector (72)
[2016.12.06-18.07.36:806][779]LogModuleManager: Shutting down and abandoning module Slate (71)
[2016.12.06-18.07.36:806][779]LogModuleManager: Shutting down and abandoning module EditorStyle (70)
[2016.12.06-18.07.36:808][779]LogModuleManager: Shutting down and abandoning module SourceCodeAccess (69)
[2016.12.06-18.07.36:808][779]LogModuleManager: Shutting down and abandoning module HeadMountedDisplay (68)
[2016.12.06-18.07.36:808][779]LogModuleManager: Shutting down and abandoning module XAudio2 (67)
[2016.12.06-18.07.36:808][779]LogModuleManager: Shutting down and abandoning module Networking (65)
[2016.12.06-18.07.36:808][779]LogModuleManager: Shutting down and abandoning module Core (64)
[2016.12.06-18.07.36:808][779]LogModuleManager: Shutting down and abandoning module DirectoryWatcher (63)
[2016.12.06-18.07.36:808][779]LogModuleManager: Shutting down and abandoning module AssetRegistry (62)
[2016.12.06-18.07.36:873][779]LogModuleManager: Shutting down and abandoning module KismetCompiler (61)
[2016.12.06-18.07.36:873][779]LogModuleManager: Shutting down and abandoning module PhysXFormats (60)
[2016.12.06-18.07.36:873][779]LogModuleManager: Shutting down and abandoning module MeshUtilities (59)
[2016.12.06-18.07.36:880][779]LogModuleManager: Shutting down and abandoning module DerivedDataCache (58)
[2016.12.06-18.07.36:900][779]LogDerivedDataCache: Shutdown
[2016.12.06-18.07.36:900][779]LogModuleManager: Shutting down and abandoning module VulkanShaderFormat (57)
[2016.12.06-18.07.36:916][779]LogModuleManager: Shutting down and abandoning module ShaderFormatOpenGL (56)
[2016.12.06-18.07.36:928][779]LogModuleManager: Shutting down and abandoning module ShaderFormatD3D (55)
[2016.12.06-18.07.36:928][779]LogModuleManager: Shutting down and abandoning module MetalShaderFormat (54)
[2016.12.06-18.07.36:963][779]LogModuleManager: Shutting down and abandoning module TextureFormatUncompressed (53)
[2016.12.06-18.07.36:963][779]LogModuleManager: Shutting down and abandoning module TextureFormatPVR (52)
[2016.12.06-18.07.36:963][779]LogModuleManager: Shutting down and abandoning module TextureFormatIntelISPCTexComp (51)
[2016.12.06-18.07.36:963][779]LogModuleManager: Shutting down and abandoning module TextureFormatDXT (50)
[2016.12.06-18.07.36:963][779]LogModuleManager: Shutting down and abandoning module ImageWrapper (49)
[2016.12.06-18.07.36:963][779]LogModuleManager: Shutting down and abandoning module TextureFormatASTC (48)
[2016.12.06-18.07.36:963][779]LogModuleManager: Shutting down and abandoning module TextureFormatAndroid (47)
[2016.12.06-18.07.36:963][779]LogModuleManager: Shutting down and abandoning module AudioFormatOpus (46)
[2016.12.06-18.07.36:963][779]LogModuleManager: Shutting down and abandoning module AudioFormatOgg (45)
[2016.12.06-18.07.36:963][779]LogModuleManager: Shutting down and abandoning module AudioFormatADPCM (44)
[2016.12.06-18.07.36:963][779]LogModuleManager: Shutting down and abandoning module LinuxTargetPlatform (43)
[2016.12.06-18.07.36:963][779]LogModuleManager: Shutting down and abandoning module LinuxServerTargetPlatform (42)
[2016.12.06-18.07.36:963][779]LogModuleManager: Shutting down and abandoning module LinuxNoEditorTargetPlatform (41)
[2016.12.06-18.07.36:963][779]LogModuleManager: Shutting down and abandoning module TVOSTargetPlatform (40)
[2016.12.06-18.07.36:963][779]LogModuleManager: Shutting down and abandoning module Messaging (39)
[2016.12.06-18.07.36:963][779]LogModuleManager: Shutting down and abandoning module IOSTargetPlatform (38)
[2016.12.06-18.07.36:963][779]LogModuleManager: Shutting down and abandoning module HTML5TargetPlatform (37)
[2016.12.06-18.07.36:963][779]LogModuleManager: Shutting down and abandoning module Android_PVRTCTargetPlatform (36)
[2016.12.06-18.07.36:963][779]LogModuleManager: Shutting down and abandoning module Android_MultiTargetPlatform (35)
[2016.12.06-18.07.36:963][779]LogModuleManager: Shutting down and abandoning module Android_ETC2TargetPlatform (34)
[2016.12.06-18.07.36:963][779]LogModuleManager: Shutting down and abandoning module Android_ETC1TargetPlatform (33)
[2016.12.06-18.07.36:963][779]LogModuleManager: Shutting down and abandoning module Android_DXTTargetPlatform (32)
[2016.12.06-18.07.36:963][779]LogModuleManager: Shutting down and abandoning module Android_ATCTargetPlatform (31)
[2016.12.06-18.07.36:963][779]LogModuleManager: Shutting down and abandoning module Android_ASTCTargetPlatform (30)
[2016.12.06-18.07.36:963][779]LogModuleManager: Shutting down and abandoning module AndroidTargetPlatform (29)
[2016.12.06-18.07.36:963][779]LogModuleManager: Shutting down and abandoning module WindowsTargetPlatform (28)
[2016.12.06-18.07.36:963][779]LogModuleManager: Shutting down and abandoning module WindowsServerTargetPlatform (27)
[2016.12.06-18.07.36:963][779]LogModuleManager: Shutting down and abandoning module WindowsNoEditorTargetPlatform (26)
[2016.12.06-18.07.36:963][779]LogModuleManager: Shutting down and abandoning module WindowsClientTargetPlatform (25)
[2016.12.06-18.07.36:963][779]LogModuleManager: Shutting down and abandoning module AllDesktopTargetPlatform (24)
[2016.12.06-18.07.36:963][779]LogModuleManager: Shutting down and abandoning module TargetPlatform (23)
[2016.12.06-18.07.36:963][779]LogModuleManager: Shutting down and abandoning module InputCore (22)
[2016.12.06-18.07.36:963][779]LogModuleManager: Shutting down and abandoning module Settings (21)
[2016.12.06-18.07.36:963][779]LogModuleManager: Shutting down and abandoning module OnlineSubsystem (19)
[2016.12.06-18.07.36:963][779]LogModuleManager: Shutting down and abandoning module HTTP (18)
[2016.12.06-18.07.39:991][779]LogModuleManager: Shutting down and abandoning module XMPP (17)
[2016.12.06-18.07.40:101][779]LogModuleManager: Shutting down and abandoning module OculusRift (16)
[2016.12.06-18.07.40:117][779]LogModuleManager: Shutting down and abandoning module ExampleDeviceProfileSelector (15)
[2016.12.06-18.07.40:117][779]LogModuleManager: Shutting down and abandoning module TextureCompressor (14)
[2016.12.06-18.07.40:117][779]LogModuleManager: Shutting down and abandoning module ShaderCore (13)
[2016.12.06-18.07.40:117][779]LogModuleManager: Shutting down and abandoning module Landscape (12)
[2016.12.06-18.07.40:117][779]LogModuleManager: Shutting down and abandoning module SlateRHIRenderer (11)
[2016.12.06-18.07.40:123][779]LogModuleManager: Shutting down and abandoning module OpenGLDrv (10)
[2016.12.06-18.07.40:131][779]LogModuleManager: Shutting down and abandoning module D3D11RHI (9)
[2016.12.06-18.07.40:131][779]LogModuleManager: Shutting down and abandoning module AnimGraphRuntime (8)
[2016.12.06-18.07.40:131][779]LogModuleManager: Shutting down and abandoning module Renderer (7)
[2016.12.06-18.07.40:131][779]LogModuleManager: Shutting down and abandoning module Engine (6)
[2016.12.06-18.07.40:131][779]LogModuleManager: Shutting down and abandoning module CoreUObject (5)
[2016.12.06-18.07.40:131][779]LogModuleManager: Shutting down and abandoning module NetworkFile (4)
[2016.12.06-18.07.40:131][779]LogModuleManager: Shutting down and abandoning module StreamingFile (3)
[2016.12.06-18.07.40:131][779]LogModuleManager: Shutting down and abandoning module SandboxFile (2)
[2016.12.06-18.07.40:131][779]LogModuleManager: Shutting down and abandoning module PakFile (1)
[2016.12.06-18.07.40:156][779]LogExit: Exiting.
[2016.12.06-18.07.40:168][779]Log file closed, 12/06/16 18:07:40
